2024-01-10 16:51:31,687 INFO o.h.v.i.u.Version [background-preinit] HV000001: Hibernate Validator 8.0.1.Final
2024-01-10 16:51:31,712 INFO o.s.b.StartupInfoLogger [restartedMain] Starting LibraryApplication using Java 17.0.5 with PID 21212 (E:\Project\library\library\target\classes started by HAN-PC in E:\Project\library\library)
2024-01-10 16:51:31,717 DEBUG o.s.b.StartupInfoLogger [restartedMain] Running with Spring Boot v3.2.1, Spring v6.1.2
2024-01-10 16:51:31,719 INFO o.s.b.SpringApplication [restartedMain] The following 1 profile is active: "dev"
2024-01-10 16:51:31,760 INFO o.s.b.l.DeferredLog [restartedMain] Devtools property defaults active! Set 'spring.devtools.add-properties' to 'false' to disable
2024-01-10 16:51:31,760 INFO o.s.b.l.DeferredLog [restartedMain] For additional web related logging consider setting the 'logging.level.web' property to 'DEBUG'
2024-01-10 16:51:32,374 INFO o.s.d.r.c.RepositoryConfigurationDelegate [restartedMain] Multiple Spring Data modules found, entering strict repository configuration mode
2024-01-10 16:51:32,375 INFO o.s.d.r.c.RepositoryConfigurationDelegate [restartedMain] Bootstrapping Spring Data JDBC repositories in DEFAULT mode.
2024-01-10 16:51:32,407 INFO o.s.d.r.c.RepositoryConfigurationExtensionSupport [restartedMain] Spring Data JDBC - Could not safely identify store assignment for repository candidate interface net.sparkminds.library.repository.AccountRepository; If you want this repository to be a JDBC repository, consider annotating your entities with one of these annotations: org.springframework.data.relational.core.mapping.Table.
2024-01-10 16:51:32,408 INFO o.s.d.r.c.RepositoryConfigurationExtensionSupport [restartedMain] Spring Data JDBC - Could not safely identify store assignment for repository candidate interface net.sparkminds.library.repository.AdminRepository; If you want this repository to be a JDBC repository, consider annotating your entities with one of these annotations: org.springframework.data.relational.core.mapping.Table.
2024-01-10 16:51:32,409 INFO o.s.d.r.c.RepositoryConfigurationExtensionSupport [restartedMain] Spring Data JDBC - Could not safely identify store assignment for repository candidate interface net.sparkminds.library.repository.RoleRepository; If you want this repository to be a JDBC repository, consider annotating your entities with one of these annotations: org.springframework.data.relational.core.mapping.Table.
2024-01-10 16:51:32,410 INFO o.s.d.r.c.RepositoryConfigurationExtensionSupport [restartedMain] Spring Data JDBC - Could not safely identify store assignment for repository candidate interface net.sparkminds.library.repository.SessionRepository; If you want this repository to be a JDBC repository, consider annotating your entities with one of these annotations: org.springframework.data.relational.core.mapping.Table.
2024-01-10 16:51:32,411 INFO o.s.d.r.c.RepositoryConfigurationExtensionSupport [restartedMain] Spring Data JDBC - Could not safely identify store assignment for repository candidate interface net.sparkminds.library.repository.UserRepository; If you want this repository to be a JDBC repository, consider annotating your entities with one of these annotations: org.springframework.data.relational.core.mapping.Table.
2024-01-10 16:51:32,413 INFO o.s.d.r.c.RepositoryConfigurationExtensionSupport [restartedMain] Spring Data JDBC - Could not safely identify store assignment for repository candidate interface net.sparkminds.library.repository.VerifyRepository; If you want this repository to be a JDBC repository, consider annotating your entities with one of these annotations: org.springframework.data.relational.core.mapping.Table.
2024-01-10 16:51:32,413 INFO o.s.d.r.c.RepositoryConfigurationDelegate [restartedMain] Finished Spring Data repository scanning in 34 ms. Found 0 JDBC repository interfaces.
2024-01-10 16:51:32,423 INFO o.s.d.r.c.RepositoryConfigurationDelegate [restartedMain] Multiple Spring Data modules found, entering strict repository configuration mode
2024-01-10 16:51:32,424 INFO o.s.d.r.c.RepositoryConfigurationDelegate [restartedMain] Bootstrapping Spring Data JPA repositories in DEFAULT mode.
2024-01-10 16:51:32,453 INFO o.s.d.r.c.RepositoryConfigurationDelegate [restartedMain] Finished Spring Data repository scanning in 26 ms. Found 6 JPA repository interfaces.
2024-01-10 16:51:32,950 INFO o.s.b.w.e.t.TomcatWebServer [restartedMain] Tomcat initialized with port 8080 (http)
2024-01-10 16:51:32,959 INFO o.a.j.l.DirectJDKLog [restartedMain] Initializing ProtocolHandler ["http-nio-8080"]
2024-01-10 16:51:32,961 INFO o.a.j.l.DirectJDKLog [restartedMain] Starting service [Tomcat]
2024-01-10 16:51:32,961 INFO o.a.j.l.DirectJDKLog [restartedMain] Starting Servlet engine: [Apache Tomcat/10.1.17]
2024-01-10 16:51:33,001 INFO o.a.j.l.DirectJDKLog [restartedMain] Initializing Spring embedded WebApplicationContext
2024-01-10 16:51:33,001 INFO o.s.b.w.s.c.ServletWebServerApplicationContext [restartedMain] Root WebApplicationContext: initialization completed in 1240 ms
2024-01-10 16:51:33,111 INFO c.z.h.HikariDataSource [restartedMain] HikariPool-1 - Starting...
2024-01-10 16:51:33,358 INFO c.z.h.p.HikariPool [restartedMain] HikariPool-1 - Added connection com.mysql.cj.jdbc.ConnectionImpl@66bd2f3a
2024-01-10 16:51:33,359 INFO c.z.h.HikariDataSource [restartedMain] HikariPool-1 - Start completed.
2024-01-10 16:51:33,886 INFO l.l.c.JavaLogger [restartedMain] Reading from db_library.databasechangelog
2024-01-10 16:51:33,924 INFO l.l.c.JavaLogger [restartedMain] Database is up to date, no changesets to execute
2024-01-10 16:51:33,927 INFO l.l.c.JavaLogger [restartedMain] Reading from db_library.databasechangelog
2024-01-10 16:51:33,934 INFO l.l.c.JavaLogger [restartedMain] UPDATE SUMMARY
2024-01-10 16:51:33,935 INFO l.l.c.JavaLogger [restartedMain] Run:                          0
2024-01-10 16:51:33,935 INFO l.l.c.JavaLogger [restartedMain] Previously run:               5
2024-01-10 16:51:33,935 INFO l.l.c.JavaLogger [restartedMain] Filtered out:                 0
2024-01-10 16:51:33,935 INFO l.l.c.JavaLogger [restartedMain] -------------------------------
2024-01-10 16:51:33,935 INFO l.l.c.JavaLogger [restartedMain] Total change sets:            5
2024-01-10 16:51:33,936 INFO l.l.c.JavaLogger [restartedMain] Update summary generated
2024-01-10 16:51:33,954 INFO l.l.c.JavaLogger [restartedMain] Successfully released change log lock
2024-01-10 16:51:33,955 INFO l.l.c.JavaLogger [restartedMain] Command execution complete
2024-01-10 16:51:34,023 INFO o.h.j.i.u.LogHelper [restartedMain] HHH000204: Processing PersistenceUnitInfo [name: default]
2024-01-10 16:51:34,071 INFO o.h.Version [restartedMain] HHH000412: Hibernate ORM core version 6.4.1.Final
2024-01-10 16:51:34,098 INFO o.h.c.i.RegionFactoryInitiator [restartedMain] HHH000026: Second-level cache disabled
2024-01-10 16:51:34,275 INFO o.s.o.j.p.SpringPersistenceUnitInfo [restartedMain] No LoadTimeWeaver setup: ignoring JPA class transformer
2024-01-10 16:51:35,158 INFO o.h.e.t.j.p.i.JtaPlatformInitiator [restartedMain] HHH000489: No JTA platform available (set 'hibernate.transaction.jta.platform' to enable JTA platform integration)
2024-01-10 16:51:35,229 INFO o.s.o.j.AbstractEntityManagerFactoryBean [restartedMain] Initialized JPA EntityManagerFactory for persistence unit 'default'
2024-01-10 16:51:35,502 DEBUG o.s.w.f.GenericFilterBean [restartedMain] Filter 'jwtFilter' configured for use
2024-01-10 16:51:35,670 WARN o.s.b.a.o.j.JpaBaseConfiguration$JpaWebConfiguration [restartedMain] spring.jpa.open-in-view is enabled by default. Therefore, database queries may be performed during view rendering. Explicitly configure spring.jpa.open-in-view to disable this warning
2024-01-10 16:51:35,914 INFO o.s.s.w.DefaultSecurityFilterChain [restartedMain] Will secure any request with [org.springframework.security.web.session.DisableEncodeUrlFilter@56a923fa, org.springframework.security.web.context.request.async.WebAsyncManagerIntegrationFilter@59e364b6, org.springframework.security.web.context.SecurityContextHolderFilter@6228c66, org.springframework.security.web.header.HeaderWriterFilter@17d14aac, org.springframework.security.web.authentication.logout.LogoutFilter@28569105, net.sparkminds.library.jwt.JwtFilter@70d31c36, org.springframework.security.web.savedrequest.RequestCacheAwareFilter@1316aed0, org.springframework.security.web.servletapi.SecurityContextHolderAwareRequestFilter@7e3215b6, org.springframework.security.web.authentication.AnonymousAuthenticationFilter@67920553, org.springframework.security.web.session.SessionManagementFilter@297bac18, org.springframework.security.web.access.ExceptionTranslationFilter@1b74b025, org.springframework.security.web.access.intercept.AuthorizationFilter@27c50011]
2024-01-10 16:51:36,077 WARN o.s.b.a.t.ThymeleafAutoConfiguration$DefaultTemplateResolverConfiguration [restartedMain] Cannot find template location: classpath:/templates/ (please add some templates, check your Thymeleaf configuration, or set spring.thymeleaf.check-template-location=false)
2024-01-10 16:51:36,335 WARN o.s.b.a.f.FreeMarkerAutoConfiguration [restartedMain] Cannot find template location(s): [classpath:/templates/] (please add some templates, check your FreeMarker configuration, or set spring.freemarker.check-template-location=false)
2024-01-10 16:51:36,374 INFO o.s.b.d.a.OptionalLiveReloadServer [restartedMain] LiveReload server is running on port 35729
2024-01-10 16:51:36,394 INFO o.a.j.l.DirectJDKLog [restartedMain] Starting ProtocolHandler ["http-nio-8080"]
2024-01-10 16:51:36,411 INFO o.s.b.w.e.t.TomcatWebServer [restartedMain] Tomcat started on port 8080 (http) with context path ''
2024-01-10 16:51:36,419 INFO o.s.b.StartupInfoLogger [restartedMain] Started LibraryApplication in 4.961 seconds (process running for 5.807)
2024-01-10 16:51:51,664 INFO o.a.j.l.DirectJDKLog [http-nio-8080-exec-2] Initializing Spring DispatcherServlet 'dispatcherServlet'
2024-01-10 16:51:51,664 INFO o.s.w.s.FrameworkServlet [http-nio-8080-exec-2] Initializing Servlet 'dispatcherServlet'
2024-01-10 16:51:51,664 INFO o.s.w.s.FrameworkServlet [http-nio-8080-exec-2] Completed initialization in 0 ms
2024-01-10 16:51:51,854 INFO n.s.l.s.i.VerifyServiceImpl [http-nio-8080-exec-2] Find Verify by otp success: 551968
2024-01-10 16:51:51,883 INFO n.s.l.s.i.VerifyServiceImpl [http-nio-8080-exec-2] Delete Verify Successfully: 7
2024-01-10 16:51:51,883 ERROR n.s.l.s.i.RegisterServiceImpl [http-nio-8080-exec-2] expired link!
2024-01-10 16:51:51,933 WARN o.s.w.s.h.AbstractHandlerExceptionResolver [http-nio-8080-exec-2] Resolved [net.sparkminds.library.exception.RequestException: expired link!]
2024-01-10 16:51:55,071 INFO n.s.l.s.i.VerifyServiceImpl [http-nio-8080-exec-1] Find Verify by otp success: 551968
2024-01-10 16:51:55,075 INFO n.s.l.s.i.VerifyServiceImpl [http-nio-8080-exec-1] Delete Verify Successfully: 7
2024-01-10 16:51:55,075 ERROR n.s.l.s.i.RegisterServiceImpl [http-nio-8080-exec-1] expired link!
2024-01-10 16:51:55,075 WARN o.s.w.s.h.AbstractHandlerExceptionResolver [http-nio-8080-exec-1] Resolved [net.sparkminds.library.exception.RequestException: expired link!]
2024-01-10 16:51:55,468 INFO n.s.l.s.i.VerifyServiceImpl [http-nio-8080-exec-6] Find Verify by otp success: 551968
2024-01-10 16:51:55,484 INFO n.s.l.s.i.VerifyServiceImpl [http-nio-8080-exec-6] Delete Verify Successfully: 7
2024-01-10 16:51:55,484 ERROR n.s.l.s.i.RegisterServiceImpl [http-nio-8080-exec-6] expired link!
2024-01-10 16:51:55,486 WARN o.s.w.s.h.AbstractHandlerExceptionResolver [http-nio-8080-exec-6] Resolved [net.sparkminds.library.exception.RequestException: expired link!]
2024-01-10 16:51:55,692 INFO n.s.l.s.i.VerifyServiceImpl [http-nio-8080-exec-8] Find Verify by otp success: 551968
2024-01-10 16:51:55,692 INFO n.s.l.s.i.VerifyServiceImpl [http-nio-8080-exec-8] Delete Verify Successfully: 7
2024-01-10 16:51:55,692 ERROR n.s.l.s.i.RegisterServiceImpl [http-nio-8080-exec-8] expired link!
2024-01-10 16:51:55,692 WARN o.s.w.s.h.AbstractHandlerExceptionResolver [http-nio-8080-exec-8] Resolved [net.sparkminds.library.exception.RequestException: expired link!]
2024-01-10 16:51:55,840 INFO n.s.l.s.i.VerifyServiceImpl [http-nio-8080-exec-9] Find Verify by otp success: 551968
2024-01-10 16:51:55,845 INFO n.s.l.s.i.VerifyServiceImpl [http-nio-8080-exec-9] Delete Verify Successfully: 7
2024-01-10 16:51:55,845 ERROR n.s.l.s.i.RegisterServiceImpl [http-nio-8080-exec-9] expired link!
2024-01-10 16:51:55,845 WARN o.s.w.s.h.AbstractHandlerExceptionResolver [http-nio-8080-exec-9] Resolved [net.sparkminds.library.exception.RequestException: expired link!]
2024-01-10 16:51:55,959 INFO n.s.l.s.i.VerifyServiceImpl [http-nio-8080-exec-2] Find Verify by otp success: 551968
2024-01-10 16:51:55,959 INFO n.s.l.s.i.VerifyServiceImpl [http-nio-8080-exec-2] Delete Verify Successfully: 7
2024-01-10 16:51:55,959 ERROR n.s.l.s.i.RegisterServiceImpl [http-nio-8080-exec-2] expired link!
2024-01-10 16:51:55,959 WARN o.s.w.s.h.AbstractHandlerExceptionResolver [http-nio-8080-exec-2] Resolved [net.sparkminds.library.exception.RequestException: expired link!]
2024-01-10 16:51:56,093 INFO n.s.l.s.i.VerifyServiceImpl [http-nio-8080-exec-1] Find Verify by otp success: 551968
2024-01-10 16:51:56,093 INFO n.s.l.s.i.VerifyServiceImpl [http-nio-8080-exec-1] Delete Verify Successfully: 7
2024-01-10 16:51:56,093 ERROR n.s.l.s.i.RegisterServiceImpl [http-nio-8080-exec-1] expired link!
2024-01-10 16:51:56,093 WARN o.s.w.s.h.AbstractHandlerExceptionResolver [http-nio-8080-exec-1] Resolved [net.sparkminds.library.exception.RequestException: expired link!]
2024-01-10 16:51:56,522 INFO n.s.l.s.i.VerifyServiceImpl [http-nio-8080-exec-6] Find Verify by otp success: 551968
2024-01-10 16:51:56,538 INFO n.s.l.s.i.VerifyServiceImpl [http-nio-8080-exec-6] Delete Verify Successfully: 7
2024-01-10 16:51:56,538 ERROR n.s.l.s.i.RegisterServiceImpl [http-nio-8080-exec-6] expired link!
2024-01-10 16:51:56,538 WARN o.s.w.s.h.AbstractHandlerExceptionResolver [http-nio-8080-exec-6] Resolved [net.sparkminds.library.exception.RequestException: expired link!]
2024-01-10 16:51:56,987 INFO n.s.l.s.i.VerifyServiceImpl [http-nio-8080-exec-8] Find Verify by otp success: 551968
2024-01-10 16:51:56,998 INFO n.s.l.s.i.VerifyServiceImpl [http-nio-8080-exec-8] Delete Verify Successfully: 7
2024-01-10 16:51:56,998 ERROR n.s.l.s.i.RegisterServiceImpl [http-nio-8080-exec-8] expired link!
2024-01-10 16:51:56,998 WARN o.s.w.s.h.AbstractHandlerExceptionResolver [http-nio-8080-exec-8] Resolved [net.sparkminds.library.exception.RequestException: expired link!]
2024-01-10 16:51:57,160 INFO n.s.l.s.i.VerifyServiceImpl [http-nio-8080-exec-9] Find Verify by otp success: 551968
2024-01-10 16:51:57,176 INFO n.s.l.s.i.VerifyServiceImpl [http-nio-8080-exec-9] Delete Verify Successfully: 7
2024-01-10 16:51:57,176 ERROR n.s.l.s.i.RegisterServiceImpl [http-nio-8080-exec-9] expired link!
2024-01-10 16:51:57,176 WARN o.s.w.s.h.AbstractHandlerExceptionResolver [http-nio-8080-exec-9] Resolved [net.sparkminds.library.exception.RequestException: expired link!]
2024-01-10 16:51:57,346 INFO n.s.l.s.i.VerifyServiceImpl [http-nio-8080-exec-2] Find Verify by otp success: 551968
2024-01-10 16:51:57,346 INFO n.s.l.s.i.VerifyServiceImpl [http-nio-8080-exec-2] Delete Verify Successfully: 7
2024-01-10 16:51:57,346 ERROR n.s.l.s.i.RegisterServiceImpl [http-nio-8080-exec-2] expired link!
2024-01-10 16:51:57,346 WARN o.s.w.s.h.AbstractHandlerExceptionResolver [http-nio-8080-exec-2] Resolved [net.sparkminds.library.exception.RequestException: expired link!]
2024-01-10 16:51:57,508 INFO n.s.l.s.i.VerifyServiceImpl [http-nio-8080-exec-1] Find Verify by otp success: 551968
2024-01-10 16:51:57,508 INFO n.s.l.s.i.VerifyServiceImpl [http-nio-8080-exec-1] Delete Verify Successfully: 7
2024-01-10 16:51:57,508 ERROR n.s.l.s.i.RegisterServiceImpl [http-nio-8080-exec-1] expired link!
2024-01-10 16:51:57,508 WARN o.s.w.s.h.AbstractHandlerExceptionResolver [http-nio-8080-exec-1] Resolved [net.sparkminds.library.exception.RequestException: expired link!]
2024-01-10 16:51:57,686 INFO n.s.l.s.i.VerifyServiceImpl [http-nio-8080-exec-6] Find Verify by otp success: 551968
2024-01-10 16:51:57,688 INFO n.s.l.s.i.VerifyServiceImpl [http-nio-8080-exec-6] Delete Verify Successfully: 7
2024-01-10 16:51:57,688 ERROR n.s.l.s.i.RegisterServiceImpl [http-nio-8080-exec-6] expired link!
2024-01-10 16:51:57,688 WARN o.s.w.s.h.AbstractHandlerExceptionResolver [http-nio-8080-exec-6] Resolved [net.sparkminds.library.exception.RequestException: expired link!]
2024-01-10 16:51:57,868 INFO n.s.l.s.i.VerifyServiceImpl [http-nio-8080-exec-8] Find Verify by otp success: 551968
2024-01-10 16:51:57,874 INFO n.s.l.s.i.VerifyServiceImpl [http-nio-8080-exec-8] Delete Verify Successfully: 7
2024-01-10 16:51:57,874 ERROR n.s.l.s.i.RegisterServiceImpl [http-nio-8080-exec-8] expired link!
2024-01-10 16:51:57,874 WARN o.s.w.s.h.AbstractHandlerExceptionResolver [http-nio-8080-exec-8] Resolved [net.sparkminds.library.exception.RequestException: expired link!]
2024-01-10 16:51:58,350 INFO n.s.l.s.i.VerifyServiceImpl [http-nio-8080-exec-9] Find Verify by otp success: 551968
2024-01-10 16:51:58,365 INFO n.s.l.s.i.VerifyServiceImpl [http-nio-8080-exec-9] Delete Verify Successfully: 7
2024-01-10 16:51:58,365 ERROR n.s.l.s.i.RegisterServiceImpl [http-nio-8080-exec-9] expired link!
2024-01-10 16:51:58,365 WARN o.s.w.s.h.AbstractHandlerExceptionResolver [http-nio-8080-exec-9] Resolved [net.sparkminds.library.exception.RequestException: expired link!]
2024-01-10 16:51:58,559 INFO n.s.l.s.i.VerifyServiceImpl [http-nio-8080-exec-2] Find Verify by otp success: 551968
2024-01-10 16:51:58,559 INFO n.s.l.s.i.VerifyServiceImpl [http-nio-8080-exec-2] Delete Verify Successfully: 7
2024-01-10 16:51:58,559 ERROR n.s.l.s.i.RegisterServiceImpl [http-nio-8080-exec-2] expired link!
2024-01-10 16:51:58,559 WARN o.s.w.s.h.AbstractHandlerExceptionResolver [http-nio-8080-exec-2] Resolved [net.sparkminds.library.exception.RequestException: expired link!]
2024-01-10 16:51:58,708 INFO n.s.l.s.i.VerifyServiceImpl [http-nio-8080-exec-1] Find Verify by otp success: 551968
2024-01-10 16:51:58,714 INFO n.s.l.s.i.VerifyServiceImpl [http-nio-8080-exec-1] Delete Verify Successfully: 7
2024-01-10 16:51:58,714 ERROR n.s.l.s.i.RegisterServiceImpl [http-nio-8080-exec-1] expired link!
2024-01-10 16:51:58,714 WARN o.s.w.s.h.AbstractHandlerExceptionResolver [http-nio-8080-exec-1] Resolved [net.sparkminds.library.exception.RequestException: expired link!]
2024-01-10 16:51:58,847 INFO n.s.l.s.i.VerifyServiceImpl [http-nio-8080-exec-6] Find Verify by otp success: 551968
2024-01-10 16:51:58,852 INFO n.s.l.s.i.VerifyServiceImpl [http-nio-8080-exec-6] Delete Verify Successfully: 7
2024-01-10 16:51:58,852 ERROR n.s.l.s.i.RegisterServiceImpl [http-nio-8080-exec-6] expired link!
2024-01-10 16:51:58,853 WARN o.s.w.s.h.AbstractHandlerExceptionResolver [http-nio-8080-exec-6] Resolved [net.sparkminds.library.exception.RequestException: expired link!]
2024-01-10 16:51:58,990 INFO n.s.l.s.i.VerifyServiceImpl [http-nio-8080-exec-8] Find Verify by otp success: 551968
2024-01-10 16:51:58,994 INFO n.s.l.s.i.VerifyServiceImpl [http-nio-8080-exec-8] Delete Verify Successfully: 7
2024-01-10 16:51:58,994 ERROR n.s.l.s.i.RegisterServiceImpl [http-nio-8080-exec-8] expired link!
2024-01-10 16:51:58,994 WARN o.s.w.s.h.AbstractHandlerExceptionResolver [http-nio-8080-exec-8] Resolved [net.sparkminds.library.exception.RequestException: expired link!]
2024-01-10 16:51:59,121 INFO n.s.l.s.i.VerifyServiceImpl [http-nio-8080-exec-9] Find Verify by otp success: 551968
2024-01-10 16:51:59,121 INFO n.s.l.s.i.VerifyServiceImpl [http-nio-8080-exec-9] Delete Verify Successfully: 7
2024-01-10 16:51:59,121 ERROR n.s.l.s.i.RegisterServiceImpl [http-nio-8080-exec-9] expired link!
2024-01-10 16:51:59,121 WARN o.s.w.s.h.AbstractHandlerExceptionResolver [http-nio-8080-exec-9] Resolved [net.sparkminds.library.exception.RequestException: expired link!]
2024-01-10 16:53:31,280 INFO o.s.b.d.a.LocalDevToolsAutoConfiguration$RestartingClassPathChangeChangedEventListener [File Watcher] Restarting due to 1 class path change (0 additions, 0 deletions, 1 modification)
2024-01-10 16:53:31,283 INFO o.a.j.l.DirectJDKLog [Thread-5] Stopping ProtocolHandler ["http-nio-8080"]
2024-01-10 16:53:31,294 INFO o.s.o.j.AbstractEntityManagerFactoryBean [Thread-5] Closing JPA EntityManagerFactory for persistence unit 'default'
2024-01-10 16:53:31,296 INFO c.z.h.HikariDataSource [Thread-5] HikariPool-1 - Shutdown initiated...
2024-01-10 16:53:31,302 INFO c.z.h.HikariDataSource [Thread-5] HikariPool-1 - Shutdown completed.
2024-01-10 16:53:31,376 INFO o.s.b.StartupInfoLogger [restartedMain] Starting LibraryApplication using Java 17.0.5 with PID 21212 (E:\Project\library\library\target\classes started by HAN-PC in E:\Project\library\library)
2024-01-10 16:53:31,376 DEBUG o.s.b.StartupInfoLogger [restartedMain] Running with Spring Boot v3.2.1, Spring v6.1.2
2024-01-10 16:53:31,376 INFO o.s.b.SpringApplication [restartedMain] The following 1 profile is active: "dev"
2024-01-10 16:53:31,536 INFO o.s.d.r.c.RepositoryConfigurationDelegate [restartedMain] Multiple Spring Data modules found, entering strict repository configuration mode
2024-01-10 16:53:31,536 INFO o.s.d.r.c.RepositoryConfigurationDelegate [restartedMain] Bootstrapping Spring Data JDBC repositories in DEFAULT mode.
2024-01-10 16:53:31,542 INFO o.s.d.r.c.RepositoryConfigurationExtensionSupport [restartedMain] Spring Data JDBC - Could not safely identify store assignment for repository candidate interface net.sparkminds.library.repository.AccountRepository; If you want this repository to be a JDBC repository, consider annotating your entities with one of these annotations: org.springframework.data.relational.core.mapping.Table.
2024-01-10 16:53:31,543 INFO o.s.d.r.c.RepositoryConfigurationExtensionSupport [restartedMain] Spring Data JDBC - Could not safely identify store assignment for repository candidate interface net.sparkminds.library.repository.AdminRepository; If you want this repository to be a JDBC repository, consider annotating your entities with one of these annotations: org.springframework.data.relational.core.mapping.Table.
2024-01-10 16:53:31,543 INFO o.s.d.r.c.RepositoryConfigurationExtensionSupport [restartedMain] Spring Data JDBC - Could not safely identify store assignment for repository candidate interface net.sparkminds.library.repository.RoleRepository; If you want this repository to be a JDBC repository, consider annotating your entities with one of these annotations: org.springframework.data.relational.core.mapping.Table.
2024-01-10 16:53:31,545 INFO o.s.d.r.c.RepositoryConfigurationExtensionSupport [restartedMain] Spring Data JDBC - Could not safely identify store assignment for repository candidate interface net.sparkminds.library.repository.SessionRepository; If you want this repository to be a JDBC repository, consider annotating your entities with one of these annotations: org.springframework.data.relational.core.mapping.Table.
2024-01-10 16:53:31,546 INFO o.s.d.r.c.RepositoryConfigurationExtensionSupport [restartedMain] Spring Data JDBC - Could not safely identify store assignment for repository candidate interface net.sparkminds.library.repository.UserRepository; If you want this repository to be a JDBC repository, consider annotating your entities with one of these annotations: org.springframework.data.relational.core.mapping.Table.
2024-01-10 16:53:31,547 INFO o.s.d.r.c.RepositoryConfigurationExtensionSupport [restartedMain] Spring Data JDBC - Could not safely identify store assignment for repository candidate interface net.sparkminds.library.repository.VerifyRepository; If you want this repository to be a JDBC repository, consider annotating your entities with one of these annotations: org.springframework.data.relational.core.mapping.Table.
2024-01-10 16:53:31,547 INFO o.s.d.r.c.RepositoryConfigurationDelegate [restartedMain] Finished Spring Data repository scanning in 10 ms. Found 0 JDBC repository interfaces.
2024-01-10 16:53:31,550 INFO o.s.d.r.c.RepositoryConfigurationDelegate [restartedMain] Multiple Spring Data modules found, entering strict repository configuration mode
2024-01-10 16:53:31,550 INFO o.s.d.r.c.RepositoryConfigurationDelegate [restartedMain] Bootstrapping Spring Data JPA repositories in DEFAULT mode.
2024-01-10 16:53:31,560 INFO o.s.d.r.c.RepositoryConfigurationDelegate [restartedMain] Finished Spring Data repository scanning in 9 ms. Found 6 JPA repository interfaces.
2024-01-10 16:53:31,678 INFO o.s.b.w.e.t.TomcatWebServer [restartedMain] Tomcat initialized with port 8080 (http)
2024-01-10 16:53:31,678 INFO o.a.j.l.DirectJDKLog [restartedMain] Initializing ProtocolHandler ["http-nio-8080"]
2024-01-10 16:53:31,678 INFO o.a.j.l.DirectJDKLog [restartedMain] Starting service [Tomcat]
2024-01-10 16:53:31,679 INFO o.a.j.l.DirectJDKLog [restartedMain] Starting Servlet engine: [Apache Tomcat/10.1.17]
2024-01-10 16:53:31,693 INFO o.a.j.l.DirectJDKLog [restartedMain] Initializing Spring embedded WebApplicationContext
2024-01-10 16:53:31,693 INFO o.s.b.w.s.c.ServletWebServerApplicationContext [restartedMain] Root WebApplicationContext: initialization completed in 315 ms
2024-01-10 16:53:31,722 INFO c.z.h.HikariDataSource [restartedMain] HikariPool-2 - Starting...
2024-01-10 16:53:31,732 INFO c.z.h.p.HikariPool [restartedMain] HikariPool-2 - Added connection com.mysql.cj.jdbc.ConnectionImpl@34ec3922
2024-01-10 16:53:31,732 INFO c.z.h.HikariDataSource [restartedMain] HikariPool-2 - Start completed.
2024-01-10 16:53:31,815 INFO l.l.c.JavaLogger [restartedMain] Reading from db_library.databasechangelog
2024-01-10 16:53:31,828 INFO l.l.c.JavaLogger [restartedMain] Database is up to date, no changesets to execute
2024-01-10 16:53:31,829 INFO l.l.c.JavaLogger [restartedMain] UPDATE SUMMARY
2024-01-10 16:53:31,830 INFO l.l.c.JavaLogger [restartedMain] Run:                          0
2024-01-10 16:53:31,830 INFO l.l.c.JavaLogger [restartedMain] Previously run:               5
2024-01-10 16:53:31,830 INFO l.l.c.JavaLogger [restartedMain] Filtered out:                 0
2024-01-10 16:53:31,830 INFO l.l.c.JavaLogger [restartedMain] -------------------------------
2024-01-10 16:53:31,830 INFO l.l.c.JavaLogger [restartedMain] Total change sets:            5
2024-01-10 16:53:31,830 INFO l.l.c.JavaLogger [restartedMain] Update summary generated
2024-01-10 16:53:31,832 INFO l.l.c.JavaLogger [restartedMain] Successfully released change log lock
2024-01-10 16:53:31,832 INFO l.l.c.JavaLogger [restartedMain] Command execution complete
2024-01-10 16:53:31,853 INFO o.h.j.i.u.LogHelper [restartedMain] HHH000204: Processing PersistenceUnitInfo [name: default]
2024-01-10 16:53:31,855 INFO o.h.c.i.RegionFactoryInitiator [restartedMain] HHH000026: Second-level cache disabled
2024-01-10 16:53:31,858 INFO o.s.o.j.p.SpringPersistenceUnitInfo [restartedMain] No LoadTimeWeaver setup: ignoring JPA class transformer
2024-01-10 16:53:31,962 INFO o.h.e.t.j.p.i.JtaPlatformInitiator [restartedMain] HHH000489: No JTA platform available (set 'hibernate.transaction.jta.platform' to enable JTA platform integration)
2024-01-10 16:53:32,003 INFO o.s.o.j.AbstractEntityManagerFactoryBean [restartedMain] Initialized JPA EntityManagerFactory for persistence unit 'default'
2024-01-10 16:53:32,073 DEBUG o.s.w.f.GenericFilterBean [restartedMain] Filter 'jwtFilter' configured for use
2024-01-10 16:53:32,168 WARN o.s.b.a.o.j.JpaBaseConfiguration$JpaWebConfiguration [restartedMain] spring.jpa.open-in-view is enabled by default. Therefore, database queries may be performed during view rendering. Explicitly configure spring.jpa.open-in-view to disable this warning
2024-01-10 16:53:32,274 INFO o.s.s.w.DefaultSecurityFilterChain [restartedMain] Will secure any request with [org.springframework.security.web.session.DisableEncodeUrlFilter@4757a678, org.springframework.security.web.context.request.async.WebAsyncManagerIntegrationFilter@770a3da, org.springframework.security.web.context.SecurityContextHolderFilter@7d83d75, org.springframework.security.web.header.HeaderWriterFilter@138ea675, org.springframework.security.web.authentication.logout.LogoutFilter@5732faa2, net.sparkminds.library.jwt.JwtFilter@37526a18, org.springframework.security.web.savedrequest.RequestCacheAwareFilter@1c16623, org.springframework.security.web.servletapi.SecurityContextHolderAwareRequestFilter@671ac560, org.springframework.security.web.authentication.AnonymousAuthenticationFilter@1956bd9b, org.springframework.security.web.session.SessionManagementFilter@1e0d14c5, org.springframework.security.web.access.ExceptionTranslationFilter@62fc8c69, org.springframework.security.web.access.intercept.AuthorizationFilter@6c489115]
2024-01-10 16:53:32,342 WARN o.s.b.a.t.ThymeleafAutoConfiguration$DefaultTemplateResolverConfiguration [restartedMain] Cannot find template location: classpath:/templates/ (please add some templates, check your Thymeleaf configuration, or set spring.thymeleaf.check-template-location=false)
2024-01-10 16:53:32,463 WARN o.s.b.a.f.FreeMarkerAutoConfiguration [restartedMain] Cannot find template location(s): [classpath:/templates/] (please add some templates, check your FreeMarker configuration, or set spring.freemarker.check-template-location=false)
2024-01-10 16:53:32,480 INFO o.s.b.d.a.OptionalLiveReloadServer [restartedMain] LiveReload server is running on port 35729
2024-01-10 16:53:32,492 INFO o.a.j.l.DirectJDKLog [restartedMain] Starting ProtocolHandler ["http-nio-8080"]
2024-01-10 16:53:32,494 INFO o.s.b.w.e.t.TomcatWebServer [restartedMain] Tomcat started on port 8080 (http) with context path ''
2024-01-10 16:53:32,498 INFO o.s.b.StartupInfoLogger [restartedMain] Started LibraryApplication in 1.151 seconds (process running for 121.887)
2024-01-10 16:53:32,500 INFO o.s.b.d.a.ConditionEvaluationDeltaLoggingListener [restartedMain] Condition evaluation unchanged
2024-01-10 16:53:36,356 INFO o.a.j.l.DirectJDKLog [http-nio-8080-exec-1] Initializing Spring DispatcherServlet 'dispatcherServlet'
2024-01-10 16:53:36,356 INFO o.s.w.s.FrameworkServlet [http-nio-8080-exec-1] Initializing Servlet 'dispatcherServlet'
2024-01-10 16:53:36,357 INFO o.s.w.s.FrameworkServlet [http-nio-8080-exec-1] Completed initialization in 0 ms
2024-01-10 16:53:36,369 INFO n.s.l.s.i.VerifyServiceImpl [http-nio-8080-exec-1] Find Verify by otp success: 551968
2024-01-10 16:53:36,376 INFO n.s.l.s.i.VerifyServiceImpl [http-nio-8080-exec-1] Delete Verify Successfully: 7
2024-01-10 16:53:36,391 ERROR n.s.l.s.i.RegisterServiceImpl [http-nio-8080-exec-1] expired link!
2024-01-10 16:53:36,394 WARN o.s.w.s.h.AbstractHandlerExceptionResolver [http-nio-8080-exec-1] Resolved [net.sparkminds.library.exception.RequestException: expired link!]
2024-01-10 16:53:36,951 ERROR n.s.l.s.i.VerifyServiceImpl [http-nio-8080-exec-2] Find Verify by otp error: 551968
2024-01-10 16:53:36,953 WARN o.s.w.s.h.AbstractHandlerExceptionResolver [http-nio-8080-exec-2] Resolved [net.sparkminds.library.exception.RequestException: Find Verify by otp error]
2024-01-10 16:55:37,392 INFO o.s.b.d.a.LocalDevToolsAutoConfiguration$RestartingClassPathChangeChangedEventListener [File Watcher] Restarting due to 1 class path change (0 additions, 0 deletions, 1 modification)
2024-01-10 16:55:37,394 INFO o.a.j.l.DirectJDKLog [Thread-7] Stopping ProtocolHandler ["http-nio-8080"]
2024-01-10 16:55:37,403 INFO o.s.o.j.AbstractEntityManagerFactoryBean [Thread-7] Closing JPA EntityManagerFactory for persistence unit 'default'
2024-01-10 16:55:37,404 INFO c.z.h.HikariDataSource [Thread-7] HikariPool-2 - Shutdown initiated...
2024-01-10 16:55:37,407 INFO c.z.h.HikariDataSource [Thread-7] HikariPool-2 - Shutdown completed.
2024-01-10 16:55:37,477 INFO o.s.b.StartupInfoLogger [restartedMain] Starting LibraryApplication using Java 17.0.5 with PID 21212 (E:\Project\library\library\target\classes started by HAN-PC in E:\Project\library\library)
2024-01-10 16:55:37,477 DEBUG o.s.b.StartupInfoLogger [restartedMain] Running with Spring Boot v3.2.1, Spring v6.1.2
2024-01-10 16:55:37,478 INFO o.s.b.SpringApplication [restartedMain] The following 1 profile is active: "dev"
2024-01-10 16:55:37,618 INFO o.s.d.r.c.RepositoryConfigurationDelegate [restartedMain] Multiple Spring Data modules found, entering strict repository configuration mode
2024-01-10 16:55:37,618 INFO o.s.d.r.c.RepositoryConfigurationDelegate [restartedMain] Bootstrapping Spring Data JDBC repositories in DEFAULT mode.
2024-01-10 16:55:37,624 INFO o.s.d.r.c.RepositoryConfigurationExtensionSupport [restartedMain] Spring Data JDBC - Could not safely identify store assignment for repository candidate interface net.sparkminds.library.repository.AccountRepository; If you want this repository to be a JDBC repository, consider annotating your entities with one of these annotations: org.springframework.data.relational.core.mapping.Table.
2024-01-10 16:55:37,625 INFO o.s.d.r.c.RepositoryConfigurationExtensionSupport [restartedMain] Spring Data JDBC - Could not safely identify store assignment for repository candidate interface net.sparkminds.library.repository.AdminRepository; If you want this repository to be a JDBC repository, consider annotating your entities with one of these annotations: org.springframework.data.relational.core.mapping.Table.
2024-01-10 16:55:37,626 INFO o.s.d.r.c.RepositoryConfigurationExtensionSupport [restartedMain] Spring Data JDBC - Could not safely identify store assignment for repository candidate interface net.sparkminds.library.repository.RoleRepository; If you want this repository to be a JDBC repository, consider annotating your entities with one of these annotations: org.springframework.data.relational.core.mapping.Table.
2024-01-10 16:55:37,627 INFO o.s.d.r.c.RepositoryConfigurationExtensionSupport [restartedMain] Spring Data JDBC - Could not safely identify store assignment for repository candidate interface net.sparkminds.library.repository.SessionRepository; If you want this repository to be a JDBC repository, consider annotating your entities with one of these annotations: org.springframework.data.relational.core.mapping.Table.
2024-01-10 16:55:37,628 INFO o.s.d.r.c.RepositoryConfigurationExtensionSupport [restartedMain] Spring Data JDBC - Could not safely identify store assignment for repository candidate interface net.sparkminds.library.repository.UserRepository; If you want this repository to be a JDBC repository, consider annotating your entities with one of these annotations: org.springframework.data.relational.core.mapping.Table.
2024-01-10 16:55:37,628 INFO o.s.d.r.c.RepositoryConfigurationExtensionSupport [restartedMain] Spring Data JDBC - Could not safely identify store assignment for repository candidate interface net.sparkminds.library.repository.VerifyRepository; If you want this repository to be a JDBC repository, consider annotating your entities with one of these annotations: org.springframework.data.relational.core.mapping.Table.
2024-01-10 16:55:37,629 INFO o.s.d.r.c.RepositoryConfigurationDelegate [restartedMain] Finished Spring Data repository scanning in 10 ms. Found 0 JDBC repository interfaces.
2024-01-10 16:55:37,631 INFO o.s.d.r.c.RepositoryConfigurationDelegate [restartedMain] Multiple Spring Data modules found, entering strict repository configuration mode
2024-01-10 16:55:37,631 INFO o.s.d.r.c.RepositoryConfigurationDelegate [restartedMain] Bootstrapping Spring Data JPA repositories in DEFAULT mode.
2024-01-10 16:55:37,641 INFO o.s.d.r.c.RepositoryConfigurationDelegate [restartedMain] Finished Spring Data repository scanning in 9 ms. Found 6 JPA repository interfaces.
2024-01-10 16:55:37,765 INFO o.s.b.w.e.t.TomcatWebServer [restartedMain] Tomcat initialized with port 8080 (http)
2024-01-10 16:55:37,765 INFO o.a.j.l.DirectJDKLog [restartedMain] Initializing ProtocolHandler ["http-nio-8080"]
2024-01-10 16:55:37,766 INFO o.a.j.l.DirectJDKLog [restartedMain] Starting service [Tomcat]
2024-01-10 16:55:37,766 INFO o.a.j.l.DirectJDKLog [restartedMain] Starting Servlet engine: [Apache Tomcat/10.1.17]
2024-01-10 16:55:37,780 INFO o.a.j.l.DirectJDKLog [restartedMain] Initializing Spring embedded WebApplicationContext
2024-01-10 16:55:37,780 INFO o.s.b.w.s.c.ServletWebServerApplicationContext [restartedMain] Root WebApplicationContext: initialization completed in 301 ms
2024-01-10 16:55:37,812 INFO c.z.h.HikariDataSource [restartedMain] HikariPool-3 - Starting...
2024-01-10 16:55:37,822 INFO c.z.h.p.HikariPool [restartedMain] HikariPool-3 - Added connection com.mysql.cj.jdbc.ConnectionImpl@79f53216
2024-01-10 16:55:37,822 INFO c.z.h.HikariDataSource [restartedMain] HikariPool-3 - Start completed.
2024-01-10 16:55:37,908 INFO l.l.c.JavaLogger [restartedMain] Reading from db_library.databasechangelog
2024-01-10 16:55:37,919 INFO l.l.c.JavaLogger [restartedMain] Database is up to date, no changesets to execute
2024-01-10 16:55:37,920 INFO l.l.c.JavaLogger [restartedMain] UPDATE SUMMARY
2024-01-10 16:55:37,920 INFO l.l.c.JavaLogger [restartedMain] Run:                          0
2024-01-10 16:55:37,920 INFO l.l.c.JavaLogger [restartedMain] Previously run:               5
2024-01-10 16:55:37,920 INFO l.l.c.JavaLogger [restartedMain] Filtered out:                 0
2024-01-10 16:55:37,920 INFO l.l.c.JavaLogger [restartedMain] -------------------------------
2024-01-10 16:55:37,920 INFO l.l.c.JavaLogger [restartedMain] Total change sets:            5
2024-01-10 16:55:37,920 INFO l.l.c.JavaLogger [restartedMain] Update summary generated
2024-01-10 16:55:37,922 INFO l.l.c.JavaLogger [restartedMain] Successfully released change log lock
2024-01-10 16:55:37,922 INFO l.l.c.JavaLogger [restartedMain] Command execution complete
2024-01-10 16:55:37,941 INFO o.h.j.i.u.LogHelper [restartedMain] HHH000204: Processing PersistenceUnitInfo [name: default]
2024-01-10 16:55:37,943 INFO o.h.c.i.RegionFactoryInitiator [restartedMain] HHH000026: Second-level cache disabled
2024-01-10 16:55:37,946 INFO o.s.o.j.p.SpringPersistenceUnitInfo [restartedMain] No LoadTimeWeaver setup: ignoring JPA class transformer
2024-01-10 16:55:38,037 INFO o.h.e.t.j.p.i.JtaPlatformInitiator [restartedMain] HHH000489: No JTA platform available (set 'hibernate.transaction.jta.platform' to enable JTA platform integration)
2024-01-10 16:55:38,076 INFO o.s.o.j.AbstractEntityManagerFactoryBean [restartedMain] Initialized JPA EntityManagerFactory for persistence unit 'default'
2024-01-10 16:55:38,141 DEBUG o.s.w.f.GenericFilterBean [restartedMain] Filter 'jwtFilter' configured for use
2024-01-10 16:55:38,236 WARN o.s.b.a.o.j.JpaBaseConfiguration$JpaWebConfiguration [restartedMain] spring.jpa.open-in-view is enabled by default. Therefore, database queries may be performed during view rendering. Explicitly configure spring.jpa.open-in-view to disable this warning
2024-01-10 16:55:38,338 INFO o.s.s.w.DefaultSecurityFilterChain [restartedMain] Will secure any request with [org.springframework.security.web.session.DisableEncodeUrlFilter@70d364b8, org.springframework.security.web.context.request.async.WebAsyncManagerIntegrationFilter@221c8148, org.springframework.security.web.context.SecurityContextHolderFilter@6faccddf, org.springframework.security.web.header.HeaderWriterFilter@65ad1109, org.springframework.security.web.authentication.logout.LogoutFilter@3aad161c, net.sparkminds.library.jwt.JwtFilter@38c97240, org.springframework.security.web.savedrequest.RequestCacheAwareFilter@2413273f, org.springframework.security.web.servletapi.SecurityContextHolderAwareRequestFilter@293b4fed, org.springframework.security.web.authentication.AnonymousAuthenticationFilter@7253361e, org.springframework.security.web.session.SessionManagementFilter@b923aba, org.springframework.security.web.access.ExceptionTranslationFilter@e68a386, org.springframework.security.web.access.intercept.AuthorizationFilter@748d8794]
2024-01-10 16:55:38,403 WARN o.s.b.a.t.ThymeleafAutoConfiguration$DefaultTemplateResolverConfiguration [restartedMain] Cannot find template location: classpath:/templates/ (please add some templates, check your Thymeleaf configuration, or set spring.thymeleaf.check-template-location=false)
2024-01-10 16:55:38,523 WARN o.s.b.a.f.FreeMarkerAutoConfiguration [restartedMain] Cannot find template location(s): [classpath:/templates/] (please add some templates, check your FreeMarker configuration, or set spring.freemarker.check-template-location=false)
2024-01-10 16:55:38,537 INFO o.s.b.d.a.OptionalLiveReloadServer [restartedMain] LiveReload server is running on port 35729
2024-01-10 16:55:38,547 INFO o.a.j.l.DirectJDKLog [restartedMain] Starting ProtocolHandler ["http-nio-8080"]
2024-01-10 16:55:38,552 INFO o.s.b.w.e.t.TomcatWebServer [restartedMain] Tomcat started on port 8080 (http) with context path ''
2024-01-10 16:55:38,556 INFO o.s.b.StartupInfoLogger [restartedMain] Started LibraryApplication in 1.106 seconds (process running for 247.944)
2024-01-10 16:55:38,557 INFO o.s.b.d.a.ConditionEvaluationDeltaLoggingListener [restartedMain] Condition evaluation unchanged
2024-01-10 16:55:39,954 INFO o.s.b.d.a.LocalDevToolsAutoConfiguration$RestartingClassPathChangeChangedEventListener [File Watcher] Restarting due to 1 class path change (0 additions, 0 deletions, 1 modification)
2024-01-10 16:55:39,955 INFO o.a.j.l.DirectJDKLog [Thread-11] Stopping ProtocolHandler ["http-nio-8080"]
2024-01-10 16:55:39,963 INFO o.s.o.j.AbstractEntityManagerFactoryBean [Thread-11] Closing JPA EntityManagerFactory for persistence unit 'default'
2024-01-10 16:55:39,964 INFO c.z.h.HikariDataSource [Thread-11] HikariPool-3 - Shutdown initiated...
2024-01-10 16:55:39,968 INFO c.z.h.HikariDataSource [Thread-11] HikariPool-3 - Shutdown completed.
2024-01-10 16:55:40,039 INFO o.s.b.StartupInfoLogger [restartedMain] Starting LibraryApplication using Java 17.0.5 with PID 21212 (E:\Project\library\library\target\classes started by HAN-PC in E:\Project\library\library)
2024-01-10 16:55:40,039 DEBUG o.s.b.StartupInfoLogger [restartedMain] Running with Spring Boot v3.2.1, Spring v6.1.2
2024-01-10 16:55:40,039 INFO o.s.b.SpringApplication [restartedMain] The following 1 profile is active: "dev"
2024-01-10 16:55:40,186 INFO o.s.d.r.c.RepositoryConfigurationDelegate [restartedMain] Multiple Spring Data modules found, entering strict repository configuration mode
2024-01-10 16:55:40,186 INFO o.s.d.r.c.RepositoryConfigurationDelegate [restartedMain] Bootstrapping Spring Data JDBC repositories in DEFAULT mode.
2024-01-10 16:55:40,192 INFO o.s.d.r.c.RepositoryConfigurationExtensionSupport [restartedMain] Spring Data JDBC - Could not safely identify store assignment for repository candidate interface net.sparkminds.library.repository.AccountRepository; If you want this repository to be a JDBC repository, consider annotating your entities with one of these annotations: org.springframework.data.relational.core.mapping.Table.
2024-01-10 16:55:40,193 INFO o.s.d.r.c.RepositoryConfigurationExtensionSupport [restartedMain] Spring Data JDBC - Could not safely identify store assignment for repository candidate interface net.sparkminds.library.repository.AdminRepository; If you want this repository to be a JDBC repository, consider annotating your entities with one of these annotations: org.springframework.data.relational.core.mapping.Table.
2024-01-10 16:55:40,194 INFO o.s.d.r.c.RepositoryConfigurationExtensionSupport [restartedMain] Spring Data JDBC - Could not safely identify store assignment for repository candidate interface net.sparkminds.library.repository.RoleRepository; If you want this repository to be a JDBC repository, consider annotating your entities with one of these annotations: org.springframework.data.relational.core.mapping.Table.
2024-01-10 16:55:40,195 INFO o.s.d.r.c.RepositoryConfigurationExtensionSupport [restartedMain] Spring Data JDBC - Could not safely identify store assignment for repository candidate interface net.sparkminds.library.repository.SessionRepository; If you want this repository to be a JDBC repository, consider annotating your entities with one of these annotations: org.springframework.data.relational.core.mapping.Table.
2024-01-10 16:55:40,196 INFO o.s.d.r.c.RepositoryConfigurationExtensionSupport [restartedMain] Spring Data JDBC - Could not safely identify store assignment for repository candidate interface net.sparkminds.library.repository.UserRepository; If you want this repository to be a JDBC repository, consider annotating your entities with one of these annotations: org.springframework.data.relational.core.mapping.Table.
2024-01-10 16:55:40,196 INFO o.s.d.r.c.RepositoryConfigurationExtensionSupport [restartedMain] Spring Data JDBC - Could not safely identify store assignment for repository candidate interface net.sparkminds.library.repository.VerifyRepository; If you want this repository to be a JDBC repository, consider annotating your entities with one of these annotations: org.springframework.data.relational.core.mapping.Table.
2024-01-10 16:55:40,196 INFO o.s.d.r.c.RepositoryConfigurationDelegate [restartedMain] Finished Spring Data repository scanning in 10 ms. Found 0 JDBC repository interfaces.
2024-01-10 16:55:40,199 INFO o.s.d.r.c.RepositoryConfigurationDelegate [restartedMain] Multiple Spring Data modules found, entering strict repository configuration mode
2024-01-10 16:55:40,199 INFO o.s.d.r.c.RepositoryConfigurationDelegate [restartedMain] Bootstrapping Spring Data JPA repositories in DEFAULT mode.
2024-01-10 16:55:40,208 INFO o.s.d.r.c.RepositoryConfigurationDelegate [restartedMain] Finished Spring Data repository scanning in 9 ms. Found 6 JPA repository interfaces.
2024-01-10 16:55:40,318 INFO o.s.b.w.e.t.TomcatWebServer [restartedMain] Tomcat initialized with port 8080 (http)
2024-01-10 16:55:40,319 INFO o.a.j.l.DirectJDKLog [restartedMain] Initializing ProtocolHandler ["http-nio-8080"]
2024-01-10 16:55:40,319 INFO o.a.j.l.DirectJDKLog [restartedMain] Starting service [Tomcat]
2024-01-10 16:55:40,319 INFO o.a.j.l.DirectJDKLog [restartedMain] Starting Servlet engine: [Apache Tomcat/10.1.17]
2024-01-10 16:55:40,332 INFO o.a.j.l.DirectJDKLog [restartedMain] Initializing Spring embedded WebApplicationContext
2024-01-10 16:55:40,332 INFO o.s.b.w.s.c.ServletWebServerApplicationContext [restartedMain] Root WebApplicationContext: initialization completed in 292 ms
2024-01-10 16:55:40,362 INFO c.z.h.HikariDataSource [restartedMain] HikariPool-4 - Starting...
2024-01-10 16:55:40,372 INFO c.z.h.p.HikariPool [restartedMain] HikariPool-4 - Added connection com.mysql.cj.jdbc.ConnectionImpl@61959144
2024-01-10 16:55:40,372 INFO c.z.h.HikariDataSource [restartedMain] HikariPool-4 - Start completed.
2024-01-10 16:55:40,446 INFO l.l.c.JavaLogger [restartedMain] Reading from db_library.databasechangelog
2024-01-10 16:55:40,457 INFO l.l.c.JavaLogger [restartedMain] Database is up to date, no changesets to execute
2024-01-10 16:55:40,458 INFO l.l.c.JavaLogger [restartedMain] UPDATE SUMMARY
2024-01-10 16:55:40,459 INFO l.l.c.JavaLogger [restartedMain] Run:                          0
2024-01-10 16:55:40,459 INFO l.l.c.JavaLogger [restartedMain] Previously run:               5
2024-01-10 16:55:40,459 INFO l.l.c.JavaLogger [restartedMain] Filtered out:                 0
2024-01-10 16:55:40,459 INFO l.l.c.JavaLogger [restartedMain] -------------------------------
2024-01-10 16:55:40,459 INFO l.l.c.JavaLogger [restartedMain] Total change sets:            5
2024-01-10 16:55:40,459 INFO l.l.c.JavaLogger [restartedMain] Update summary generated
2024-01-10 16:55:40,461 INFO l.l.c.JavaLogger [restartedMain] Successfully released change log lock
2024-01-10 16:55:40,461 INFO l.l.c.JavaLogger [restartedMain] Command execution complete
2024-01-10 16:55:40,480 INFO o.h.j.i.u.LogHelper [restartedMain] HHH000204: Processing PersistenceUnitInfo [name: default]
2024-01-10 16:55:40,483 INFO o.h.c.i.RegionFactoryInitiator [restartedMain] HHH000026: Second-level cache disabled
2024-01-10 16:55:40,485 INFO o.s.o.j.p.SpringPersistenceUnitInfo [restartedMain] No LoadTimeWeaver setup: ignoring JPA class transformer
2024-01-10 16:55:40,568 INFO o.h.e.t.j.p.i.JtaPlatformInitiator [restartedMain] HHH000489: No JTA platform available (set 'hibernate.transaction.jta.platform' to enable JTA platform integration)
2024-01-10 16:55:40,611 INFO o.s.o.j.AbstractEntityManagerFactoryBean [restartedMain] Initialized JPA EntityManagerFactory for persistence unit 'default'
2024-01-10 16:55:40,674 DEBUG o.s.w.f.GenericFilterBean [restartedMain] Filter 'jwtFilter' configured for use
2024-01-10 16:55:40,767 WARN o.s.b.a.o.j.JpaBaseConfiguration$JpaWebConfiguration [restartedMain] spring.jpa.open-in-view is enabled by default. Therefore, database queries may be performed during view rendering. Explicitly configure spring.jpa.open-in-view to disable this warning
2024-01-10 16:55:40,869 INFO o.s.s.w.DefaultSecurityFilterChain [restartedMain] Will secure any request with [org.springframework.security.web.session.DisableEncodeUrlFilter@3218e148, org.springframework.security.web.context.request.async.WebAsyncManagerIntegrationFilter@b243e39, org.springframework.security.web.context.SecurityContextHolderFilter@66bb600d, org.springframework.security.web.header.HeaderWriterFilter@c6ee4a, org.springframework.security.web.authentication.logout.LogoutFilter@2c62acee, net.sparkminds.library.jwt.JwtFilter@4df1e02c, org.springframework.security.web.savedrequest.RequestCacheAwareFilter@3ab6d86d, org.springframework.security.web.servletapi.SecurityContextHolderAwareRequestFilter@db5d5cf, org.springframework.security.web.authentication.AnonymousAuthenticationFilter@70a15576, org.springframework.security.web.session.SessionManagementFilter@5a68d4ba, org.springframework.security.web.access.ExceptionTranslationFilter@7fb7552, org.springframework.security.web.access.intercept.AuthorizationFilter@3a3cece]
2024-01-10 16:55:40,935 WARN o.s.b.a.t.ThymeleafAutoConfiguration$DefaultTemplateResolverConfiguration [restartedMain] Cannot find template location: classpath:/templates/ (please add some templates, check your Thymeleaf configuration, or set spring.thymeleaf.check-template-location=false)
2024-01-10 16:55:41,047 WARN o.s.b.a.f.FreeMarkerAutoConfiguration [restartedMain] Cannot find template location(s): [classpath:/templates/] (please add some templates, check your FreeMarker configuration, or set spring.freemarker.check-template-location=false)
2024-01-10 16:55:41,063 INFO o.s.b.d.a.OptionalLiveReloadServer [restartedMain] LiveReload server is running on port 35729
2024-01-10 16:55:41,073 INFO o.a.j.l.DirectJDKLog [restartedMain] Starting ProtocolHandler ["http-nio-8080"]
2024-01-10 16:55:41,075 INFO o.s.b.w.e.t.TomcatWebServer [restartedMain] Tomcat started on port 8080 (http) with context path ''
2024-01-10 16:55:41,079 INFO o.s.b.StartupInfoLogger [restartedMain] Started LibraryApplication in 1.07 seconds (process running for 250.467)
2024-01-10 16:55:41,080 INFO o.s.b.d.a.ConditionEvaluationDeltaLoggingListener [restartedMain] Condition evaluation unchanged
2024-01-10 16:56:12,665 INFO o.a.j.l.DirectJDKLog [http-nio-8080-exec-3] Initializing Spring DispatcherServlet 'dispatcherServlet'
2024-01-10 16:56:12,665 INFO o.s.w.s.FrameworkServlet [http-nio-8080-exec-3] Initializing Servlet 'dispatcherServlet'
2024-01-10 16:56:12,665 INFO o.s.w.s.FrameworkServlet [http-nio-8080-exec-3] Completed initialization in 0 ms
2024-01-10 16:56:12,853 INFO n.s.l.s.i.RegisterServiceImpl [http-nio-8080-exec-3] Insert Account Successfully: Account{id=11, email='kumakazuo001@gmail.com', password='$2a$10$S.Zgr1ecGtahGHciGkZD1O/u7mMKcS.bjfXnayqcVAg98.FrIVcNe', blockedAt=null, reasonBlocked='null', isVerify=false, status=ACTIVE, sessions=null, role=Role(id=2, role=USER, accounts=null)}
2024-01-10 16:56:15,846 INFO n.s.l.s.i.VerifyServiceImpl [http-nio-8080-exec-3] Insert Verify Successfully: Verify(id=8, link=http://localhost:8080/api/v1/common/register/verify/kumakazuo001@gmail.com/688051, otp=688051, expirationTime=2024-01-10T17:01:15.832725800, typeOTP=REGISTER, account=Account{id=11, email='kumakazuo001@gmail.com', password='$2a$10$S.Zgr1ecGtahGHciGkZD1O/u7mMKcS.bjfXnayqcVAg98.FrIVcNe', blockedAt=null, reasonBlocked='null', isVerify=false, status=ACTIVE, sessions=null, role=Role(id=2, role=USER, accounts=null)})
2024-01-10 16:57:35,107 INFO n.s.l.s.i.VerifyServiceImpl [http-nio-8080-exec-4] Find Verify by otp success: 688051
2024-01-10 16:57:35,123 INFO n.s.l.s.i.VerifyServiceImpl [http-nio-8080-exec-4] Delete Verify Successfully: 8
2024-01-10 16:57:46,018 INFO o.s.b.a.SpringApplicationAdminMXBeanRegistrar$SpringApplicationAdmin [RMI TCP Connection(8)-127.0.0.1] Application shutdown requested.
2024-01-10 16:57:46,018 INFO o.a.j.l.DirectJDKLog [RMI TCP Connection(8)-127.0.0.1] Stopping ProtocolHandler ["http-nio-8080"]
2024-01-10 16:57:46,034 INFO o.s.o.j.AbstractEntityManagerFactoryBean [RMI TCP Connection(8)-127.0.0.1] Closing JPA EntityManagerFactory for persistence unit 'default'
2024-01-10 16:57:46,034 INFO c.z.h.HikariDataSource [RMI TCP Connection(8)-127.0.0.1] HikariPool-4 - Shutdown initiated...
2024-01-10 16:57:46,034 INFO c.z.h.HikariDataSource [RMI TCP Connection(8)-127.0.0.1] HikariPool-4 - Shutdown completed.
