2024-01-15 16:17:32,791 INFO o.h.v.i.u.Version [background-preinit] HV000001: Hibernate Validator 8.0.1.Final
2024-01-15 16:17:32,819 INFO o.s.b.StartupInfoLogger [restartedMain] Starting LibraryApplication using Java 17.0.5 with PID 7116 (E:\Project\library\library\target\classes started by HAN-PC in E:\Project\library\library)
2024-01-15 16:17:32,823 DEBUG o.s.b.StartupInfoLogger [restartedMain] Running with Spring Boot v3.2.1, Spring v6.1.2
2024-01-15 16:17:32,825 INFO o.s.b.SpringApplication [restartedMain] The following 1 profile is active: "dev"
2024-01-15 16:17:32,865 INFO o.s.b.l.DeferredLog [restartedMain] Devtools property defaults active! Set 'spring.devtools.add-properties' to 'false' to disable
2024-01-15 16:17:32,867 INFO o.s.b.l.DeferredLog [restartedMain] For additional web related logging consider setting the 'logging.level.web' property to 'DEBUG'
2024-01-15 16:17:33,507 INFO o.s.d.r.c.RepositoryConfigurationDelegate [restartedMain] Multiple Spring Data modules found, entering strict repository configuration mode
2024-01-15 16:17:33,508 INFO o.s.d.r.c.RepositoryConfigurationDelegate [restartedMain] Bootstrapping Spring Data JDBC repositories in DEFAULT mode.
2024-01-15 16:17:33,538 INFO o.s.d.r.c.RepositoryConfigurationExtensionSupport [restartedMain] Spring Data JDBC - Could not safely identify store assignment for repository candidate interface net.sparkminds.library.repository.AccountRepository; If you want this repository to be a JDBC repository, consider annotating your entities with one of these annotations: org.springframework.data.relational.core.mapping.Table.
2024-01-15 16:17:33,539 INFO o.s.d.r.c.RepositoryConfigurationExtensionSupport [restartedMain] Spring Data JDBC - Could not safely identify store assignment for repository candidate interface net.sparkminds.library.repository.AdminRepository; If you want this repository to be a JDBC repository, consider annotating your entities with one of these annotations: org.springframework.data.relational.core.mapping.Table.
2024-01-15 16:17:33,540 INFO o.s.d.r.c.RepositoryConfigurationExtensionSupport [restartedMain] Spring Data JDBC - Could not safely identify store assignment for repository candidate interface net.sparkminds.library.repository.RoleRepository; If you want this repository to be a JDBC repository, consider annotating your entities with one of these annotations: org.springframework.data.relational.core.mapping.Table.
2024-01-15 16:17:33,541 INFO o.s.d.r.c.RepositoryConfigurationExtensionSupport [restartedMain] Spring Data JDBC - Could not safely identify store assignment for repository candidate interface net.sparkminds.library.repository.SessionRepository; If you want this repository to be a JDBC repository, consider annotating your entities with one of these annotations: org.springframework.data.relational.core.mapping.Table.
2024-01-15 16:17:33,542 INFO o.s.d.r.c.RepositoryConfigurationExtensionSupport [restartedMain] Spring Data JDBC - Could not safely identify store assignment for repository candidate interface net.sparkminds.library.repository.UserRepository; If you want this repository to be a JDBC repository, consider annotating your entities with one of these annotations: org.springframework.data.relational.core.mapping.Table.
2024-01-15 16:17:33,543 INFO o.s.d.r.c.RepositoryConfigurationExtensionSupport [restartedMain] Spring Data JDBC - Could not safely identify store assignment for repository candidate interface net.sparkminds.library.repository.VerifyRepository; If you want this repository to be a JDBC repository, consider annotating your entities with one of these annotations: org.springframework.data.relational.core.mapping.Table.
2024-01-15 16:17:33,544 INFO o.s.d.r.c.RepositoryConfigurationDelegate [restartedMain] Finished Spring Data repository scanning in 32 ms. Found 0 JDBC repository interfaces.
2024-01-15 16:17:33,552 INFO o.s.d.r.c.RepositoryConfigurationDelegate [restartedMain] Multiple Spring Data modules found, entering strict repository configuration mode
2024-01-15 16:17:33,553 INFO o.s.d.r.c.RepositoryConfigurationDelegate [restartedMain] Bootstrapping Spring Data JPA repositories in DEFAULT mode.
2024-01-15 16:17:33,582 INFO o.s.d.r.c.RepositoryConfigurationDelegate [restartedMain] Finished Spring Data repository scanning in 27 ms. Found 6 JPA repository interfaces.
2024-01-15 16:17:34,082 INFO o.s.b.w.e.t.TomcatWebServer [restartedMain] Tomcat initialized with port 8080 (http)
2024-01-15 16:17:34,091 INFO o.a.j.l.DirectJDKLog [restartedMain] Initializing ProtocolHandler ["http-nio-8080"]
2024-01-15 16:17:34,092 INFO o.a.j.l.DirectJDKLog [restartedMain] Starting service [Tomcat]
2024-01-15 16:17:34,093 INFO o.a.j.l.DirectJDKLog [restartedMain] Starting Servlet engine: [Apache Tomcat/10.1.17]
2024-01-15 16:17:34,130 INFO o.a.j.l.DirectJDKLog [restartedMain] Initializing Spring embedded WebApplicationContext
2024-01-15 16:17:34,130 INFO o.s.b.w.s.c.ServletWebServerApplicationContext [restartedMain] Root WebApplicationContext: initialization completed in 1263 ms
2024-01-15 16:17:34,232 INFO c.z.h.HikariDataSource [restartedMain] HikariPool-1 - Starting...
2024-01-15 16:17:34,476 INFO c.z.h.p.HikariPool [restartedMain] HikariPool-1 - Added connection com.mysql.cj.jdbc.ConnectionImpl@350a23ff
2024-01-15 16:17:34,477 INFO c.z.h.HikariDataSource [restartedMain] HikariPool-1 - Start completed.
2024-01-15 16:17:34,943 INFO l.l.c.JavaLogger [restartedMain] Creating database history table with name: db_library.databasechangelog
2024-01-15 16:17:35,049 INFO l.l.c.JavaLogger [restartedMain] Reading from db_library.databasechangelog
2024-01-15 16:17:35,163 INFO l.l.c.JavaLogger [restartedMain] Successfully acquired change log lock
2024-01-15 16:17:35,165 INFO l.l.c.JavaLogger [restartedMain] Using deploymentId: 5310255164
2024-01-15 16:17:35,167 INFO l.l.c.JavaLogger [restartedMain] Reading from db_library.databasechangelog
2024-01-15 16:17:35,190 INFO l.l.c.JavaLogger [restartedMain] Running Changeset: db/changelog/create/role-create.xml::create-table-role::root
2024-01-15 16:17:35,242 INFO l.l.c.JavaLogger [restartedMain] Table role created
2024-01-15 16:17:35,243 INFO l.l.c.JavaLogger [restartedMain] ChangeSet db/changelog/create/role-create.xml::create-table-role::root ran successfully in 52ms
2024-01-15 16:17:35,254 INFO l.l.c.JavaLogger [restartedMain] Running Changeset: db/changelog/create/account-create.xml::create-table-account::root
2024-01-15 16:17:35,287 INFO l.l.c.JavaLogger [restartedMain] Table account created
2024-01-15 16:17:35,335 INFO l.l.c.JavaLogger [restartedMain] Foreign key constraint added to account (role_id)
2024-01-15 16:17:35,335 INFO l.l.c.JavaLogger [restartedMain] ChangeSet db/changelog/create/account-create.xml::create-table-account::root ran successfully in 81ms
2024-01-15 16:17:35,343 INFO l.l.c.JavaLogger [restartedMain] Running Changeset: db/changelog/create/session-create.xml::create-table-session::root
2024-01-15 16:17:35,376 INFO l.l.c.JavaLogger [restartedMain] Table session created
2024-01-15 16:17:35,423 INFO l.l.c.JavaLogger [restartedMain] Foreign key constraint added to session (account_id)
2024-01-15 16:17:35,424 INFO l.l.c.JavaLogger [restartedMain] ChangeSet db/changelog/create/session-create.xml::create-table-session::root ran successfully in 81ms
2024-01-15 16:17:35,432 INFO l.l.c.JavaLogger [restartedMain] Running Changeset: db/changelog/create/user-create.xml::create-table-user::root
2024-01-15 16:17:35,464 INFO l.l.c.JavaLogger [restartedMain] Table user created
2024-01-15 16:17:35,464 INFO l.l.c.JavaLogger [restartedMain] ChangeSet db/changelog/create/user-create.xml::create-table-user::root ran successfully in 32ms
2024-01-15 16:17:35,472 INFO l.l.c.JavaLogger [restartedMain] Running Changeset: db/changelog/create/admin-create.xml::create-table-admin::root
2024-01-15 16:17:35,503 INFO l.l.c.JavaLogger [restartedMain] Table admin created
2024-01-15 16:17:35,504 INFO l.l.c.JavaLogger [restartedMain] ChangeSet db/changelog/create/admin-create.xml::create-table-admin::root ran successfully in 31ms
2024-01-15 16:17:35,515 INFO l.l.c.JavaLogger [restartedMain] UPDATE SUMMARY
2024-01-15 16:17:35,516 INFO l.l.c.JavaLogger [restartedMain] Run:                          5
2024-01-15 16:17:35,516 INFO l.l.c.JavaLogger [restartedMain] Previously run:               0
2024-01-15 16:17:35,516 INFO l.l.c.JavaLogger [restartedMain] Filtered out:                 0
2024-01-15 16:17:35,516 INFO l.l.c.JavaLogger [restartedMain] -------------------------------
2024-01-15 16:17:35,516 INFO l.l.c.JavaLogger [restartedMain] Total change sets:            5
2024-01-15 16:17:35,516 INFO l.l.c.JavaLogger [restartedMain] Update summary generated
2024-01-15 16:17:35,518 INFO l.l.c.JavaLogger [restartedMain] Update command completed successfully.
2024-01-15 16:17:35,518 INFO l.l.c.JavaLogger [restartedMain] Liquibase: Update has been successful. Rows affected: 5
2024-01-15 16:17:35,526 INFO l.l.c.JavaLogger [restartedMain] Successfully released change log lock
2024-01-15 16:17:35,527 INFO l.l.c.JavaLogger [restartedMain] Command execution complete
2024-01-15 16:17:35,589 INFO o.h.j.i.u.LogHelper [restartedMain] HHH000204: Processing PersistenceUnitInfo [name: default]
2024-01-15 16:17:35,634 INFO o.h.Version [restartedMain] HHH000412: Hibernate ORM core version 6.4.1.Final
2024-01-15 16:17:35,662 INFO o.h.c.i.RegionFactoryInitiator [restartedMain] HHH000026: Second-level cache disabled
2024-01-15 16:17:35,838 INFO o.s.o.j.p.SpringPersistenceUnitInfo [restartedMain] No LoadTimeWeaver setup: ignoring JPA class transformer
2024-01-15 16:17:36,770 INFO o.h.e.t.j.p.i.JtaPlatformInitiator [restartedMain] HHH000489: No JTA platform available (set 'hibernate.transaction.jta.platform' to enable JTA platform integration)
2024-01-15 16:17:37,143 INFO o.s.o.j.AbstractEntityManagerFactoryBean [restartedMain] Initialized JPA EntityManagerFactory for persistence unit 'default'
2024-01-15 16:17:37,457 DEBUG o.s.w.f.GenericFilterBean [restartedMain] Filter 'jwtFilter' configured for use
2024-01-15 16:17:37,499 INFO o.s.d.j.r.q.QueryEnhancerFactory [restartedMain] JSqlParser is in classpath; If applicable, JSqlParser will be used
2024-01-15 16:17:37,499 INFO o.s.d.j.r.q.QueryEnhancerFactory [restartedMain] Hibernate is in classpath; If applicable, HQL parser will be used.
2024-01-15 16:17:37,884 WARN o.s.b.a.o.j.JpaBaseConfiguration$JpaWebConfiguration [restartedMain] spring.jpa.open-in-view is enabled by default. Therefore, database queries may be performed during view rendering. Explicitly configure spring.jpa.open-in-view to disable this warning
2024-01-15 16:17:38,148 INFO o.s.s.w.DefaultSecurityFilterChain [restartedMain] Will secure any request with [org.springframework.security.web.session.DisableEncodeUrlFilter@aecf45d, org.springframework.security.web.context.request.async.WebAsyncManagerIntegrationFilter@60a4b0e, org.springframework.security.web.context.SecurityContextHolderFilter@6447a29d, org.springframework.security.web.header.HeaderWriterFilter@765c7b96, org.springframework.security.web.authentication.logout.LogoutFilter@3e54ce5a, net.sparkminds.library.jwt.JwtFilter@58c323c8, org.springframework.security.web.savedrequest.RequestCacheAwareFilter@6f159978, org.springframework.security.web.servletapi.SecurityContextHolderAwareRequestFilter@3fcf7ba4, org.springframework.security.web.authentication.AnonymousAuthenticationFilter@496ceed4, org.springframework.security.web.session.SessionManagementFilter@49c43d46, org.springframework.security.web.access.ExceptionTranslationFilter@1d497014, org.springframework.security.web.access.intercept.AuthorizationFilter@6c4c04da]
2024-01-15 16:17:38,314 WARN o.s.b.a.t.ThymeleafAutoConfiguration$DefaultTemplateResolverConfiguration [restartedMain] Cannot find template location: classpath:/templates/ (please add some templates, check your Thymeleaf configuration, or set spring.thymeleaf.check-template-location=false)
2024-01-15 16:17:38,564 WARN o.s.b.a.f.FreeMarkerAutoConfiguration [restartedMain] Cannot find template location(s): [classpath:/templates/] (please add some templates, check your FreeMarker configuration, or set spring.freemarker.check-template-location=false)
2024-01-15 16:17:38,603 INFO o.s.b.d.a.OptionalLiveReloadServer [restartedMain] LiveReload server is running on port 35729
2024-01-15 16:17:38,622 INFO o.a.j.l.DirectJDKLog [restartedMain] Starting ProtocolHandler ["http-nio-8080"]
2024-01-15 16:17:38,641 INFO o.s.b.w.e.t.TomcatWebServer [restartedMain] Tomcat started on port 8080 (http) with context path ''
2024-01-15 16:17:38,650 INFO o.s.b.StartupInfoLogger [restartedMain] Started LibraryApplication in 6.089 seconds (process running for 6.941)
2024-01-15 16:18:37,715 INFO o.a.j.l.DirectJDKLog [http-nio-8080-exec-1] Initializing Spring DispatcherServlet 'dispatcherServlet'
2024-01-15 16:18:37,716 INFO o.s.w.s.FrameworkServlet [http-nio-8080-exec-1] Initializing Servlet 'dispatcherServlet'
2024-01-15 16:18:37,717 INFO o.s.w.s.FrameworkServlet [http-nio-8080-exec-1] Completed initialization in 1 ms
2024-01-15 16:18:38,021 INFO n.s.l.s.i.CustomerServiceImpl [http-nio-8080-exec-1] Find User by email successfully: Account [id=2, email=user@gmail.com, password=$2a$10$JN6EC2TbmQIEaojkQ9P81Otve/WAUpV5.XwiqbIEyCbpm5xE/.z76, blockedAt=null, reasonBlocked=null, isVerify=true, status=ACTIVE]
2024-01-15 16:18:38,179 INFO n.s.l.s.i.CustomerServiceImpl [http-nio-8080-exec-1] Find User by email successfully: Account [id=2, email=user@gmail.com, password=$2a$10$JN6EC2TbmQIEaojkQ9P81Otve/WAUpV5.XwiqbIEyCbpm5xE/.z76, blockedAt=null, reasonBlocked=null, isVerify=true, status=ACTIVE]
2024-01-15 16:18:38,255 INFO n.s.l.s.i.CustomerServiceImpl [http-nio-8080-exec-1] Find User by email successfully: Account [id=2, email=user@gmail.com, password=$2a$10$JN6EC2TbmQIEaojkQ9P81Otve/WAUpV5.XwiqbIEyCbpm5xE/.z76, blockedAt=null, reasonBlocked=null, isVerify=true, status=ACTIVE]
2024-01-15 16:18:38,293 INFO n.s.l.s.i.CustomerServiceImpl [http-nio-8080-exec-1] Update User Successfully: Account [id=2, email=user@gmail.com, password=$2a$10$JN6EC2TbmQIEaojkQ9P81Otve/WAUpV5.XwiqbIEyCbpm5xE/.z76, blockedAt=null, reasonBlocked=null, isVerify=true, status=ACTIVE]
2024-01-15 16:18:38,345 INFO n.s.l.s.i.SessionServiceImpl [http-nio-8080-exec-1] Insert Session Successfully: Session [id=1, refreshToken=eyJhbGciOiJIUzI1NiJ9.eyJyb2xlcyI6WyJVU0VSIl0sInN1YiI6InVzZXJAZ21haWwuY29tIiwiaWF0IjoxNzA1MzEwMzE4LCJleHAiOjE3MDc5MDIzMTh9.6-F_kb_NJcH6_vDYr3NRvbUR2HvComVFROEfR3hw7F0, refreshExpirationTime=2024-02-14T16:18:38]
2024-01-15 16:19:40,794 INFO n.s.l.s.i.CustomerServiceImpl [http-nio-8080-exec-5] Find User by email successfully: Account [id=2, email=user@gmail.com, password=$2a$10$JN6EC2TbmQIEaojkQ9P81Otve/WAUpV5.XwiqbIEyCbpm5xE/.z76, blockedAt=null, reasonBlocked=null, isVerify=true, status=ACTIVE]
2024-01-15 16:20:17,362 INFO n.s.l.s.i.CustomerServiceImpl [http-nio-8080-exec-6] Find User by email successfully: Account [id=3, email=userblocked@gmail.com, password=$2a$10$JN6EC2TbmQIEaojkQ9P81Otve/WAUpV5.XwiqbIEyCbpm5xE/.z76, blockedAt=2024-01-20T00:00, reasonBlocked=Login more than 3 times, isVerify=true, status=BLOCKED]
2024-01-15 16:20:17,435 INFO n.s.l.s.i.CustomerServiceImpl [http-nio-8080-exec-6] Find User by email successfully: Account [id=3, email=userblocked@gmail.com, password=$2a$10$JN6EC2TbmQIEaojkQ9P81Otve/WAUpV5.XwiqbIEyCbpm5xE/.z76, blockedAt=2024-01-20T00:00, reasonBlocked=Login more than 3 times, isVerify=true, status=BLOCKED]
2024-01-15 16:20:17,437 ERROR n.s.l.s.i.UserDetailsServiceImpl [http-nio-8080-exec-6] Account is blocked
2024-01-15 16:20:17,441 WARN o.s.w.s.h.AbstractHandlerExceptionResolver [http-nio-8080-exec-6] Resolved [org.springframework.security.authentication.InternalAuthenticationServiceException: Account is blocked]
2024-01-15 16:20:32,097 INFO n.s.l.s.i.CustomerServiceImpl [http-nio-8080-exec-7] Find User by email successfully: Account [id=2, email=user@gmail.com, password=$2a$10$JN6EC2TbmQIEaojkQ9P81Otve/WAUpV5.XwiqbIEyCbpm5xE/.z76, blockedAt=null, reasonBlocked=null, isVerify=true, status=ACTIVE]
2024-01-15 16:20:32,168 INFO n.s.l.s.i.CustomerServiceImpl [http-nio-8080-exec-7] Update User Successfully: Account [id=2, email=user@gmail.com, password=$2a$10$JN6EC2TbmQIEaojkQ9P81Otve/WAUpV5.XwiqbIEyCbpm5xE/.z76, blockedAt=null, reasonBlocked=null, isVerify=true, status=ACTIVE]
2024-01-15 16:20:32,202 ERROR n.s.l.s.i.AuthenticationServiceImpl [http-nio-8080-exec-7] Password is invalid
2024-01-15 16:20:32,203 WARN o.s.w.s.h.AbstractHandlerExceptionResolver [http-nio-8080-exec-7] Resolved [net.sparkminds.library.exception.RequestException: Password is invalid]
2024-01-15 16:20:33,769 INFO n.s.l.s.i.CustomerServiceImpl [http-nio-8080-exec-9] Find User by email successfully: Account [id=2, email=user@gmail.com, password=$2a$10$JN6EC2TbmQIEaojkQ9P81Otve/WAUpV5.XwiqbIEyCbpm5xE/.z76, blockedAt=null, reasonBlocked=null, isVerify=true, status=ACTIVE]
2024-01-15 16:20:33,842 INFO n.s.l.s.i.CustomerServiceImpl [http-nio-8080-exec-9] Update User Successfully: Account [id=2, email=user@gmail.com, password=$2a$10$JN6EC2TbmQIEaojkQ9P81Otve/WAUpV5.XwiqbIEyCbpm5xE/.z76, blockedAt=null, reasonBlocked=null, isVerify=true, status=ACTIVE]
2024-01-15 16:20:33,848 ERROR n.s.l.s.i.AuthenticationServiceImpl [http-nio-8080-exec-9] Password is invalid
2024-01-15 16:20:33,850 WARN o.s.w.s.h.AbstractHandlerExceptionResolver [http-nio-8080-exec-9] Resolved [net.sparkminds.library.exception.RequestException: Password is invalid]
2024-01-15 16:20:35,246 INFO n.s.l.s.i.CustomerServiceImpl [http-nio-8080-exec-2] Find User by email successfully: Account [id=2, email=user@gmail.com, password=$2a$10$JN6EC2TbmQIEaojkQ9P81Otve/WAUpV5.XwiqbIEyCbpm5xE/.z76, blockedAt=null, reasonBlocked=null, isVerify=true, status=ACTIVE]
2024-01-15 16:20:35,321 INFO n.s.l.s.i.CustomerServiceImpl [http-nio-8080-exec-2] Update User Successfully: Account [id=2, email=user@gmail.com, password=$2a$10$JN6EC2TbmQIEaojkQ9P81Otve/WAUpV5.XwiqbIEyCbpm5xE/.z76, blockedAt=2024-01-15T16:50:35.319468800, reasonBlocked=Login failed more than 3 times, isVerify=true, status=BLOCKED]
2024-01-15 16:20:35,328 ERROR n.s.l.s.i.AuthenticationServiceImpl [http-nio-8080-exec-2] Password is invalid
2024-01-15 16:20:35,329 WARN o.s.w.s.h.AbstractHandlerExceptionResolver [http-nio-8080-exec-2] Resolved [net.sparkminds.library.exception.RequestException: Password is invalid]
2024-01-15 16:20:37,130 INFO n.s.l.s.i.CustomerServiceImpl [http-nio-8080-exec-3] Find User by email successfully: Account [id=2, email=user@gmail.com, password=$2a$10$JN6EC2TbmQIEaojkQ9P81Otve/WAUpV5.XwiqbIEyCbpm5xE/.z76, blockedAt=2024-01-15T16:50:35, reasonBlocked=Login failed more than 3 times, isVerify=true, status=BLOCKED]
2024-01-15 16:20:37,201 ERROR n.s.l.s.i.AuthenticationServiceImpl [http-nio-8080-exec-3] Account is blocked
2024-01-15 16:20:37,203 WARN o.s.w.s.h.AbstractHandlerExceptionResolver [http-nio-8080-exec-3] Resolved [net.sparkminds.library.exception.RequestException: Account is blocked]
2024-01-15 16:21:39,708 INFO n.s.l.s.i.CustomerServiceImpl [http-nio-8080-exec-6] Insert User Successfully: Account [id=5, email=kumakazuo001@gmail.com, password=$2a$10$DucqfvkayR0HpIOYONhLTu5Ft3hE1/5gwAlsvP8r.fgRxxAkIZiy2, blockedAt=null, reasonBlocked=null, isVerify=false, status=ACTIVE]
2024-01-15 16:21:43,166 INFO n.s.l.s.i.VerifyServiceImpl [http-nio-8080-exec-6] Insert Verify Successfully: Verify [id=1, link=http://localhost:8080/api/v1/common/register/verify/link/986456, otp=986456, expirationTime=2024-01-15T16:26:43.162825900, typeOTP=REGISTER]
2024-01-15 16:22:56,340 INFO n.s.l.s.i.VerifyServiceImpl [http-nio-8080-exec-8] Find Verify by otp success: 986456
2024-01-15 16:22:56,346 INFO n.s.l.s.i.CustomerServiceImpl [http-nio-8080-exec-8] Find User by id successfully: Account [id=5, email=kumakazuo001@gmail.com, password=$2a$10$DucqfvkayR0HpIOYONhLTu5Ft3hE1/5gwAlsvP8r.fgRxxAkIZiy2, blockedAt=null, reasonBlocked=null, isVerify=false, status=ACTIVE]
2024-01-15 16:22:56,346 INFO n.s.l.s.i.CustomerServiceImpl [http-nio-8080-exec-8] Update User Successfully: Account [id=5, email=kumakazuo001@gmail.com, password=$2a$10$DucqfvkayR0HpIOYONhLTu5Ft3hE1/5gwAlsvP8r.fgRxxAkIZiy2, blockedAt=null, reasonBlocked=null, isVerify=true, status=ACTIVE]
2024-01-15 16:22:56,349 INFO n.s.l.s.i.VerifyServiceImpl [http-nio-8080-exec-8] Delete Verify Successfully: 1
2024-01-15 16:23:59,899 WARN o.s.w.s.h.AbstractHandlerExceptionResolver [http-nio-8080-exec-1] Resolved [org.springframework.web.bind.MethodArgumentNotValidException: Validation failed for argument [0] in public org.springframework.http.ResponseEntity<net.sparkminds.library.dto.register.RegisterRequest> net.sparkminds.library.restcontroller.common.RegisterRestController.registerAccount(net.sparkminds.library.dto.register.RegisterRequest) with 4 errors: [Field error in object 'registerRequest' on field 'email': rejected value [user123@]; codes [Email.registerRequest.email,Email.email,Email.java.lang.String,Email]; arguments [org.springframework.context.support.DefaultMessageSourceResolvable: codes [registerRequest.email,email]; arguments []; default message [email],[Ljakarta.validation.constraints.Pattern$Flag;@6a9e9b87,.*]; default message [Email is invalid]] [Field error in object 'registerRequest' on field 'phone': rejected value [033456334]; codes [ValidPhoneNumber.registerRequest.phone,ValidPhoneNumber.phone,ValidPhoneNumber.java.lang.String,ValidPhoneNumber]; arguments [org.springframework.context.support.DefaultMessageSourceResolvable: codes [registerRequest.phone,phone]; arguments []; default message [phone],VN]; default message [Invalid phone number]] [Field error in object 'registerRequest' on field 'password': rejected value [12345]; codes [Length.registerRequest.password,Length.password,Length.java.lang.String,Length]; arguments [org.springframework.context.support.DefaultMessageSourceResolvable: codes [registerRequest.password,password]; arguments []; default message [password],32,8]; default message [Password must be greater than 8 and less than 32 characters]] [Field error in object 'registerRequest' on field 'lastname': rejected value [null]; codes [NotBlank.registerRequest.lastname,NotBlank.lastname,NotBlank.java.lang.String,NotBlank]; arguments [org.springframework.context.support.DefaultMessageSourceResolvable: codes [registerRequest.lastname,lastname]; arguments []; default message [lastname]]; default message [Please fill the last name]] ]
2024-01-15 18:03:17,446 INFO o.s.b.a.SpringApplicationAdminMXBeanRegistrar$SpringApplicationAdmin [RMI TCP Connection(110)-127.0.0.1] Application shutdown requested.
2024-01-15 18:03:17,458 INFO o.a.j.l.DirectJDKLog [RMI TCP Connection(110)-127.0.0.1] Stopping ProtocolHandler ["http-nio-8080"]
2024-01-15 18:03:17,489 INFO o.s.o.j.AbstractEntityManagerFactoryBean [RMI TCP Connection(110)-127.0.0.1] Closing JPA EntityManagerFactory for persistence unit 'default'
2024-01-15 18:03:17,498 INFO c.z.h.HikariDataSource [RMI TCP Connection(110)-127.0.0.1] HikariPool-1 - Shutdown initiated...
2024-01-15 18:03:17,517 INFO c.z.h.HikariDataSource [RMI TCP Connection(110)-127.0.0.1] HikariPool-1 - Shutdown completed.
