2024-01-17 17:53:33,448 INFO o.h.v.i.u.Version [background-preinit] HV000001: Hibernate Validator 8.0.1.Final
2024-01-17 17:53:33,480 INFO o.s.b.StartupInfoLogger [restartedMain] Starting LibraryApplication using Java 17.0.5 with PID 3868 (E:\Project\library\library\target\classes started by HAN-PC in E:\Project\library\library)
2024-01-17 17:53:33,486 DEBUG o.s.b.StartupInfoLogger [restartedMain] Running with Spring Boot v3.2.1, Spring v6.1.2
2024-01-17 17:53:33,488 INFO o.s.b.SpringApplication [restartedMain] The following 1 profile is active: "dev"
2024-01-17 17:53:33,526 INFO o.s.b.l.DeferredLog [restartedMain] Devtools property defaults active! Set 'spring.devtools.add-properties' to 'false' to disable
2024-01-17 17:53:33,526 INFO o.s.b.l.DeferredLog [restartedMain] For additional web related logging consider setting the 'logging.level.web' property to 'DEBUG'
2024-01-17 17:53:34,232 INFO o.s.d.r.c.RepositoryConfigurationDelegate [restartedMain] Multiple Spring Data modules found, entering strict repository configuration mode
2024-01-17 17:53:34,233 INFO o.s.d.r.c.RepositoryConfigurationDelegate [restartedMain] Bootstrapping Spring Data JDBC repositories in DEFAULT mode.
2024-01-17 17:53:34,265 INFO o.s.d.r.c.RepositoryConfigurationExtensionSupport [restartedMain] Spring Data JDBC - Could not safely identify store assignment for repository candidate interface net.sparkminds.library.repository.AccountRepository; If you want this repository to be a JDBC repository, consider annotating your entities with one of these annotations: org.springframework.data.relational.core.mapping.Table.
2024-01-17 17:53:34,266 INFO o.s.d.r.c.RepositoryConfigurationExtensionSupport [restartedMain] Spring Data JDBC - Could not safely identify store assignment for repository candidate interface net.sparkminds.library.repository.AdminRepository; If you want this repository to be a JDBC repository, consider annotating your entities with one of these annotations: org.springframework.data.relational.core.mapping.Table.
2024-01-17 17:53:34,267 INFO o.s.d.r.c.RepositoryConfigurationExtensionSupport [restartedMain] Spring Data JDBC - Could not safely identify store assignment for repository candidate interface net.sparkminds.library.repository.RoleRepository; If you want this repository to be a JDBC repository, consider annotating your entities with one of these annotations: org.springframework.data.relational.core.mapping.Table.
2024-01-17 17:53:34,269 INFO o.s.d.r.c.RepositoryConfigurationExtensionSupport [restartedMain] Spring Data JDBC - Could not safely identify store assignment for repository candidate interface net.sparkminds.library.repository.SessionRepository; If you want this repository to be a JDBC repository, consider annotating your entities with one of these annotations: org.springframework.data.relational.core.mapping.Table.
2024-01-17 17:53:34,271 INFO o.s.d.r.c.RepositoryConfigurationExtensionSupport [restartedMain] Spring Data JDBC - Could not safely identify store assignment for repository candidate interface net.sparkminds.library.repository.UserRepository; If you want this repository to be a JDBC repository, consider annotating your entities with one of these annotations: org.springframework.data.relational.core.mapping.Table.
2024-01-17 17:53:34,272 INFO o.s.d.r.c.RepositoryConfigurationExtensionSupport [restartedMain] Spring Data JDBC - Could not safely identify store assignment for repository candidate interface net.sparkminds.library.repository.VerifyRepository; If you want this repository to be a JDBC repository, consider annotating your entities with one of these annotations: org.springframework.data.relational.core.mapping.Table.
2024-01-17 17:53:34,272 INFO o.s.d.r.c.RepositoryConfigurationDelegate [restartedMain] Finished Spring Data repository scanning in 36 ms. Found 0 JDBC repository interfaces.
2024-01-17 17:53:34,280 INFO o.s.d.r.c.RepositoryConfigurationDelegate [restartedMain] Multiple Spring Data modules found, entering strict repository configuration mode
2024-01-17 17:53:34,281 INFO o.s.d.r.c.RepositoryConfigurationDelegate [restartedMain] Bootstrapping Spring Data JPA repositories in DEFAULT mode.
2024-01-17 17:53:34,317 INFO o.s.d.r.c.RepositoryConfigurationDelegate [restartedMain] Finished Spring Data repository scanning in 32 ms. Found 6 JPA repository interfaces.
2024-01-17 17:53:34,974 INFO o.s.b.w.e.t.TomcatWebServer [restartedMain] Tomcat initialized with port 8080 (http)
2024-01-17 17:53:34,984 INFO o.a.j.l.DirectJDKLog [restartedMain] Initializing ProtocolHandler ["http-nio-8080"]
2024-01-17 17:53:34,986 INFO o.a.j.l.DirectJDKLog [restartedMain] Starting service [Tomcat]
2024-01-17 17:53:34,986 INFO o.a.j.l.DirectJDKLog [restartedMain] Starting Servlet engine: [Apache Tomcat/10.1.17]
2024-01-17 17:53:35,028 INFO o.a.j.l.DirectJDKLog [restartedMain] Initializing Spring embedded WebApplicationContext
2024-01-17 17:53:35,029 INFO o.s.b.w.s.c.ServletWebServerApplicationContext [restartedMain] Root WebApplicationContext: initialization completed in 1502 ms
2024-01-17 17:53:35,161 INFO c.z.h.HikariDataSource [restartedMain] HikariPool-1 - Starting...
2024-01-17 17:53:35,396 INFO c.z.h.p.HikariPool [restartedMain] HikariPool-1 - Added connection com.mysql.cj.jdbc.ConnectionImpl@17e95bf4
2024-01-17 17:53:35,398 INFO c.z.h.HikariDataSource [restartedMain] HikariPool-1 - Start completed.
2024-01-17 17:53:35,941 INFO l.l.c.JavaLogger [restartedMain] Reading from db_library.databasechangelog
2024-01-17 17:53:35,984 INFO l.l.c.JavaLogger [restartedMain] Database is up to date, no changesets to execute
2024-01-17 17:53:35,986 INFO l.l.c.JavaLogger [restartedMain] Reading from db_library.databasechangelog
2024-01-17 17:53:35,994 INFO l.l.c.JavaLogger [restartedMain] UPDATE SUMMARY
2024-01-17 17:53:35,994 INFO l.l.c.JavaLogger [restartedMain] Run:                          0
2024-01-17 17:53:35,994 INFO l.l.c.JavaLogger [restartedMain] Previously run:               5
2024-01-17 17:53:35,994 INFO l.l.c.JavaLogger [restartedMain] Filtered out:                 0
2024-01-17 17:53:35,995 INFO l.l.c.JavaLogger [restartedMain] -------------------------------
2024-01-17 17:53:35,995 INFO l.l.c.JavaLogger [restartedMain] Total change sets:            5
2024-01-17 17:53:35,996 INFO l.l.c.JavaLogger [restartedMain] Update summary generated
2024-01-17 17:53:36,011 INFO l.l.c.JavaLogger [restartedMain] Successfully released change log lock
2024-01-17 17:53:36,012 INFO l.l.c.JavaLogger [restartedMain] Command execution complete
2024-01-17 17:53:36,087 INFO o.h.j.i.u.LogHelper [restartedMain] HHH000204: Processing PersistenceUnitInfo [name: default]
2024-01-17 17:53:36,140 INFO o.h.Version [restartedMain] HHH000412: Hibernate ORM core version 6.4.1.Final
2024-01-17 17:53:36,169 INFO o.h.c.i.RegionFactoryInitiator [restartedMain] HHH000026: Second-level cache disabled
2024-01-17 17:53:36,342 INFO o.s.o.j.p.SpringPersistenceUnitInfo [restartedMain] No LoadTimeWeaver setup: ignoring JPA class transformer
2024-01-17 17:53:37,278 INFO o.h.e.t.j.p.i.JtaPlatformInitiator [restartedMain] HHH000489: No JTA platform available (set 'hibernate.transaction.jta.platform' to enable JTA platform integration)
2024-01-17 17:53:37,351 INFO o.s.o.j.AbstractEntityManagerFactoryBean [restartedMain] Initialized JPA EntityManagerFactory for persistence unit 'default'
2024-01-17 17:53:37,721 DEBUG o.s.w.f.GenericFilterBean [restartedMain] Filter 'jwtFilter' configured for use
2024-01-17 17:53:38,131 WARN o.s.b.a.o.j.JpaBaseConfiguration$JpaWebConfiguration [restartedMain] spring.jpa.open-in-view is enabled by default. Therefore, database queries may be performed during view rendering. Explicitly configure spring.jpa.open-in-view to disable this warning
2024-01-17 17:53:38,790 INFO o.s.s.w.DefaultSecurityFilterChain [restartedMain] Will secure any request with [org.springframework.security.web.session.DisableEncodeUrlFilter@7f80776d, org.springframework.security.web.context.request.async.WebAsyncManagerIntegrationFilter@f9526ea, org.springframework.security.web.context.SecurityContextHolderFilter@4c972447, org.springframework.security.web.header.HeaderWriterFilter@8f85f87, org.springframework.web.filter.CorsFilter@472bb684, org.springframework.security.web.authentication.logout.LogoutFilter@78ee9844, net.sparkminds.library.jwt.JwtFilter@1c2e97b6, org.springframework.security.web.savedrequest.RequestCacheAwareFilter@2663299a, org.springframework.security.web.servletapi.SecurityContextHolderAwareRequestFilter@4fb15d6, org.springframework.security.web.authentication.AnonymousAuthenticationFilter@62441698, org.springframework.security.web.session.SessionManagementFilter@792a0029, org.springframework.security.web.access.ExceptionTranslationFilter@7836b38c, org.springframework.security.web.access.intercept.AuthorizationFilter@218d3f7b]
2024-01-17 17:53:38,985 WARN o.s.b.a.t.ThymeleafAutoConfiguration$DefaultTemplateResolverConfiguration [restartedMain] Cannot find template location: classpath:/templates/ (please add some templates, check your Thymeleaf configuration, or set spring.thymeleaf.check-template-location=false)
2024-01-17 17:53:39,359 WARN o.s.b.a.f.FreeMarkerAutoConfiguration [restartedMain] Cannot find template location(s): [classpath:/templates/] (please add some templates, check your FreeMarker configuration, or set spring.freemarker.check-template-location=false)
2024-01-17 17:53:39,407 INFO o.s.b.d.a.OptionalLiveReloadServer [restartedMain] LiveReload server is running on port 35729
2024-01-17 17:53:39,433 INFO o.a.j.l.DirectJDKLog [restartedMain] Starting ProtocolHandler ["http-nio-8080"]
2024-01-17 17:53:39,452 INFO o.s.b.w.e.t.TomcatWebServer [restartedMain] Tomcat started on port 8080 (http) with context path ''
2024-01-17 17:53:39,462 INFO o.s.b.StartupInfoLogger [restartedMain] Started LibraryApplication in 6.242 seconds (process running for 7.085)
2024-01-17 17:53:41,858 INFO o.a.j.l.DirectJDKLog [http-nio-8080-exec-3] Initializing Spring DispatcherServlet 'dispatcherServlet'
2024-01-17 17:53:41,858 INFO o.s.w.s.FrameworkServlet [http-nio-8080-exec-3] Initializing Servlet 'dispatcherServlet'
2024-01-17 17:53:41,859 INFO o.s.w.s.FrameworkServlet [http-nio-8080-exec-3] Completed initialization in 1 ms
2024-01-17 17:53:42,223 INFO n.s.l.s.i.AccountServiceImpl [http-nio-8080-exec-3] Find Account by email Successfully: admin@gmail.com
2024-01-17 17:53:42,311 INFO n.s.l.s.i.AccountServiceImpl [http-nio-8080-exec-3] Find Account by email Successfully: admin@gmail.com
2024-01-17 17:53:42,316 INFO n.s.l.s.i.AccountServiceImpl [http-nio-8080-exec-3] Find Account by email Successfully: admin@gmail.com
2024-01-17 17:53:42,324 ERROR o.a.j.l.DirectJDKLog [http-nio-8080-exec-3] Servlet.service() for servlet [dispatcherServlet] in context with path [] threw exception [Request processing failed: java.lang.NullPointerException: Cannot invoke "net.sparkminds.library.entity.Customer.setLoginAttempt(java.lang.Integer)" because "customer" is null] with root cause
java.lang.NullPointerException: Cannot invoke "net.sparkminds.library.entity.Customer.setLoginAttempt(java.lang.Integer)" because "customer" is null
	at net.sparkminds.library.service.impl.AuthenticationServiceImpl.authentication(AuthenticationServiceImpl.java:66) ~[classes/:?]
	at net.sparkminds.library.restcontroller.common.AuthenticationRestController.createAuthenticationToken(AuthenticationRestController.java:30) ~[classes/:?]
	at java.base/jdk.internal.reflect.NativeMethodAccessorImpl.invoke0(Native Method) ~[?:?]
	at java.base/jdk.internal.reflect.NativeMethodAccessorImpl.invoke(NativeMethodAccessorImpl.java:77) ~[?:?]
	at java.base/jdk.internal.reflect.DelegatingMethodAccessorImpl.invoke(DelegatingMethodAccessorImpl.java:43) ~[?:?]
	at java.base/java.lang.reflect.Method.invoke(Method.java:568) ~[?:?]
	at org.springframework.aop.support.AopUtils.invokeJoinpointUsingReflection(AopUtils.java:352) ~[spring-aop-6.1.2.jar:6.1.2]
	at org.springframework.aop.framework.ReflectiveMethodInvocation.invokeJoinpoint(ReflectiveMethodInvocation.java:196) ~[spring-aop-6.1.2.jar:6.1.2]
	at org.springframework.aop.framework.ReflectiveMethodInvocation.proceed(ReflectiveMethodInvocation.java:163) ~[spring-aop-6.1.2.jar:6.1.2]
	at org.springframework.aop.framework.CglibAopProxy$CglibMethodInvocation.proceed(CglibAopProxy.java:765) ~[spring-aop-6.1.2.jar:6.1.2]
	at org.springframework.aop.framework.adapter.MethodBeforeAdviceInterceptor.invoke(MethodBeforeAdviceInterceptor.java:58) ~[spring-aop-6.1.2.jar:6.1.2]
	at org.springframework.aop.framework.ReflectiveMethodInvocation.proceed(ReflectiveMethodInvocation.java:184) ~[spring-aop-6.1.2.jar:6.1.2]
	at org.springframework.aop.framework.CglibAopProxy$CglibMethodInvocation.proceed(CglibAopProxy.java:765) ~[spring-aop-6.1.2.jar:6.1.2]
	at org.springframework.aop.interceptor.ExposeInvocationInterceptor.invoke(ExposeInvocationInterceptor.java:97) ~[spring-aop-6.1.2.jar:6.1.2]
	at org.springframework.aop.framework.ReflectiveMethodInvocation.proceed(ReflectiveMethodInvocation.java:184) ~[spring-aop-6.1.2.jar:6.1.2]
	at org.springframework.aop.framework.CglibAopProxy$CglibMethodInvocation.proceed(CglibAopProxy.java:765) ~[spring-aop-6.1.2.jar:6.1.2]
	at org.springframework.aop.framework.CglibAopProxy$DynamicAdvisedInterceptor.intercept(CglibAopProxy.java:717) ~[spring-aop-6.1.2.jar:6.1.2]
	at net.sparkminds.library.restcontroller.common.AuthenticationRestController$$SpringCGLIB$$0.createAuthenticationToken(<generated>) ~[classes/:?]
	at java.base/jdk.internal.reflect.NativeMethodAccessorImpl.invoke0(Native Method) ~[?:?]
	at java.base/jdk.internal.reflect.NativeMethodAccessorImpl.invoke(NativeMethodAccessorImpl.java:77) ~[?:?]
	at java.base/jdk.internal.reflect.DelegatingMethodAccessorImpl.invoke(DelegatingMethodAccessorImpl.java:43) ~[?:?]
	at java.base/java.lang.reflect.Method.invoke(Method.java:568) ~[?:?]
	at org.springframework.web.method.support.InvocableHandlerMethod.doInvoke(InvocableHandlerMethod.java:262) ~[spring-web-6.1.2.jar:6.1.2]
	at org.springframework.web.method.support.InvocableHandlerMethod.invokeForRequest(InvocableHandlerMethod.java:190) ~[spring-web-6.1.2.jar:6.1.2]
	at org.springframework.web.servlet.mvc.method.annotation.ServletInvocableHandlerMethod.invokeAndHandle(ServletInvocableHandlerMethod.java:118) ~[spring-webmvc-6.1.2.jar:6.1.2]
	at org.springframework.web.servlet.mvc.method.annotation.RequestMappingHandlerAdapter.invokeHandlerMethod(RequestMappingHandlerAdapter.java:917) ~[spring-webmvc-6.1.2.jar:6.1.2]
	at org.springframework.web.servlet.mvc.method.annotation.RequestMappingHandlerAdapter.handleInternal(RequestMappingHandlerAdapter.java:829) ~[spring-webmvc-6.1.2.jar:6.1.2]
	at org.springframework.web.servlet.mvc.method.AbstractHandlerMethodAdapter.handle(AbstractHandlerMethodAdapter.java:87) ~[spring-webmvc-6.1.2.jar:6.1.2]
	at org.springframework.web.servlet.DispatcherServlet.doDispatch(DispatcherServlet.java:1089) ~[spring-webmvc-6.1.2.jar:6.1.2]
	at org.springframework.web.servlet.DispatcherServlet.doService(DispatcherServlet.java:979) ~[spring-webmvc-6.1.2.jar:6.1.2]
	at org.springframework.web.servlet.FrameworkServlet.processRequest(FrameworkServlet.java:1014) ~[spring-webmvc-6.1.2.jar:6.1.2]
	at org.springframework.web.servlet.FrameworkServlet.doPost(FrameworkServlet.java:914) ~[spring-webmvc-6.1.2.jar:6.1.2]
	at jakarta.servlet.http.HttpServlet.service(HttpServlet.java:590) ~[tomcat-embed-core-10.1.17.jar:6.0]
	at org.springframework.web.servlet.FrameworkServlet.service(FrameworkServlet.java:885) ~[spring-webmvc-6.1.2.jar:6.1.2]
	at jakarta.servlet.http.HttpServlet.service(HttpServlet.java:658) ~[tomcat-embed-core-10.1.17.jar:6.0]
	at org.apache.catalina.core.ApplicationFilterChain.internalDoFilter(ApplicationFilterChain.java:205) ~[tomcat-embed-core-10.1.17.jar:10.1.17]
	at org.apache.catalina.core.ApplicationFilterChain.doFilter(ApplicationFilterChain.java:149) ~[tomcat-embed-core-10.1.17.jar:10.1.17]
	at org.apache.tomcat.websocket.server.WsFilter.doFilter(WsFilter.java:51) ~[tomcat-embed-websocket-10.1.17.jar:10.1.17]
	at org.apache.catalina.core.ApplicationFilterChain.internalDoFilter(ApplicationFilterChain.java:174) ~[tomcat-embed-core-10.1.17.jar:10.1.17]
	at org.apache.catalina.core.ApplicationFilterChain.doFilter(ApplicationFilterChain.java:149) ~[tomcat-embed-core-10.1.17.jar:10.1.17]
	at org.springframework.web.filter.OncePerRequestFilter.doFilter(OncePerRequestFilter.java:110) ~[spring-web-6.1.2.jar:6.1.2]
	at org.apache.catalina.core.ApplicationFilterChain.internalDoFilter(ApplicationFilterChain.java:174) ~[tomcat-embed-core-10.1.17.jar:10.1.17]
	at org.apache.catalina.core.ApplicationFilterChain.doFilter(ApplicationFilterChain.java:149) ~[tomcat-embed-core-10.1.17.jar:10.1.17]
	at org.springframework.web.servlet.resource.ResourceUrlEncodingFilter.doFilter(ResourceUrlEncodingFilter.java:66) ~[spring-webmvc-6.1.2.jar:6.1.2]
	at org.apache.catalina.core.ApplicationFilterChain.internalDoFilter(ApplicationFilterChain.java:174) ~[tomcat-embed-core-10.1.17.jar:10.1.17]
	at org.apache.catalina.core.ApplicationFilterChain.doFilter(ApplicationFilterChain.java:149) ~[tomcat-embed-core-10.1.17.jar:10.1.17]
	at org.springframework.web.filter.CompositeFilter$VirtualFilterChain.doFilter(CompositeFilter.java:108) ~[spring-web-6.1.2.jar:6.1.2]
	at org.springframework.security.web.FilterChainProxy.lambda$doFilterInternal$3(FilterChainProxy.java:231) ~[spring-security-web-6.2.1.jar:6.2.1]
	at org.springframework.security.web.FilterChainProxy$VirtualFilterChain.doFilter(FilterChainProxy.java:365) ~[spring-security-web-6.2.1.jar:6.2.1]
	at org.springframework.security.web.access.intercept.AuthorizationFilter.doFilter(AuthorizationFilter.java:100) ~[spring-security-web-6.2.1.jar:6.2.1]
	at org.springframework.security.web.FilterChainProxy$VirtualFilterChain.doFilter(FilterChainProxy.java:374) ~[spring-security-web-6.2.1.jar:6.2.1]
	at org.springframework.security.web.access.ExceptionTranslationFilter.doFilter(ExceptionTranslationFilter.java:126) ~[spring-security-web-6.2.1.jar:6.2.1]
	at org.springframework.security.web.access.ExceptionTranslationFilter.doFilter(ExceptionTranslationFilter.java:120) ~[spring-security-web-6.2.1.jar:6.2.1]
	at org.springframework.security.web.FilterChainProxy$VirtualFilterChain.doFilter(FilterChainProxy.java:374) ~[spring-security-web-6.2.1.jar:6.2.1]
	at org.springframework.security.web.session.SessionManagementFilter.doFilter(SessionManagementFilter.java:131) ~[spring-security-web-6.2.1.jar:6.2.1]
	at org.springframework.security.web.session.SessionManagementFilter.doFilter(SessionManagementFilter.java:85) ~[spring-security-web-6.2.1.jar:6.2.1]
	at org.springframework.security.web.FilterChainProxy$VirtualFilterChain.doFilter(FilterChainProxy.java:374) ~[spring-security-web-6.2.1.jar:6.2.1]
	at org.springframework.security.web.authentication.AnonymousAuthenticationFilter.doFilter(AnonymousAuthenticationFilter.java:100) ~[spring-security-web-6.2.1.jar:6.2.1]
	at org.springframework.security.web.FilterChainProxy$VirtualFilterChain.doFilter(FilterChainProxy.java:374) ~[spring-security-web-6.2.1.jar:6.2.1]
	at org.springframework.security.web.servletapi.SecurityContextHolderAwareRequestFilter.doFilter(SecurityContextHolderAwareRequestFilter.java:179) ~[spring-security-web-6.2.1.jar:6.2.1]
	at org.springframework.security.web.FilterChainProxy$VirtualFilterChain.doFilter(FilterChainProxy.java:374) ~[spring-security-web-6.2.1.jar:6.2.1]
	at org.springframework.security.web.savedrequest.RequestCacheAwareFilter.doFilter(RequestCacheAwareFilter.java:63) ~[spring-security-web-6.2.1.jar:6.2.1]
	at org.springframework.security.web.FilterChainProxy$VirtualFilterChain.doFilter(FilterChainProxy.java:374) ~[spring-security-web-6.2.1.jar:6.2.1]
	at net.sparkminds.library.jwt.JwtFilter.doFilterInternal(JwtFilter.java:64) ~[classes/:?]
	at org.springframework.web.filter.OncePerRequestFilter.doFilter(OncePerRequestFilter.java:116) ~[spring-web-6.1.2.jar:6.1.2]
	at org.springframework.security.web.FilterChainProxy$VirtualFilterChain.doFilter(FilterChainProxy.java:374) ~[spring-security-web-6.2.1.jar:6.2.1]
	at org.springframework.security.web.authentication.logout.LogoutFilter.doFilter(LogoutFilter.java:107) ~[spring-security-web-6.2.1.jar:6.2.1]
	at org.springframework.security.web.authentication.logout.LogoutFilter.doFilter(LogoutFilter.java:93) ~[spring-security-web-6.2.1.jar:6.2.1]
	at org.springframework.security.web.FilterChainProxy$VirtualFilterChain.doFilter(FilterChainProxy.java:374) ~[spring-security-web-6.2.1.jar:6.2.1]
	at org.springframework.web.filter.CorsFilter.doFilterInternal(CorsFilter.java:91) ~[spring-web-6.1.2.jar:6.1.2]
	at org.springframework.web.filter.OncePerRequestFilter.doFilter(OncePerRequestFilter.java:116) ~[spring-web-6.1.2.jar:6.1.2]
	at org.springframework.security.web.FilterChainProxy$VirtualFilterChain.doFilter(FilterChainProxy.java:374) ~[spring-security-web-6.2.1.jar:6.2.1]
	at org.springframework.security.web.header.HeaderWriterFilter.doHeadersAfter(HeaderWriterFilter.java:90) ~[spring-security-web-6.2.1.jar:6.2.1]
	at org.springframework.security.web.header.HeaderWriterFilter.doFilterInternal(HeaderWriterFilter.java:75) ~[spring-security-web-6.2.1.jar:6.2.1]
	at org.springframework.web.filter.OncePerRequestFilter.doFilter(OncePerRequestFilter.java:116) ~[spring-web-6.1.2.jar:6.1.2]
	at org.springframework.security.web.FilterChainProxy$VirtualFilterChain.doFilter(FilterChainProxy.java:374) ~[spring-security-web-6.2.1.jar:6.2.1]
	at org.springframework.security.web.context.SecurityContextHolderFilter.doFilter(SecurityContextHolderFilter.java:82) ~[spring-security-web-6.2.1.jar:6.2.1]
	at org.springframework.security.web.context.SecurityContextHolderFilter.doFilter(SecurityContextHolderFilter.java:69) ~[spring-security-web-6.2.1.jar:6.2.1]
	at org.springframework.security.web.FilterChainProxy$VirtualFilterChain.doFilter(FilterChainProxy.java:374) ~[spring-security-web-6.2.1.jar:6.2.1]
	at org.springframework.security.web.context.request.async.WebAsyncManagerIntegrationFilter.doFilterInternal(WebAsyncManagerIntegrationFilter.java:62) ~[spring-security-web-6.2.1.jar:6.2.1]
	at org.springframework.web.filter.OncePerRequestFilter.doFilter(OncePerRequestFilter.java:116) ~[spring-web-6.1.2.jar:6.1.2]
	at org.springframework.security.web.FilterChainProxy$VirtualFilterChain.doFilter(FilterChainProxy.java:374) ~[spring-security-web-6.2.1.jar:6.2.1]
	at org.springframework.security.web.session.DisableEncodeUrlFilter.doFilterInternal(DisableEncodeUrlFilter.java:42) ~[spring-security-web-6.2.1.jar:6.2.1]
	at org.springframework.web.filter.OncePerRequestFilter.doFilter(OncePerRequestFilter.java:116) ~[spring-web-6.1.2.jar:6.1.2]
	at org.springframework.security.web.FilterChainProxy$VirtualFilterChain.doFilter(FilterChainProxy.java:374) ~[spring-security-web-6.2.1.jar:6.2.1]
	at org.springframework.security.web.FilterChainProxy.doFilterInternal(FilterChainProxy.java:233) ~[spring-security-web-6.2.1.jar:6.2.1]
	at org.springframework.security.web.FilterChainProxy.doFilter(FilterChainProxy.java:191) ~[spring-security-web-6.2.1.jar:6.2.1]
	at org.springframework.web.filter.CompositeFilter$VirtualFilterChain.doFilter(CompositeFilter.java:113) ~[spring-web-6.1.2.jar:6.1.2]
	at org.springframework.web.servlet.handler.HandlerMappingIntrospector.lambda$createCacheFilter$3(HandlerMappingIntrospector.java:195) ~[spring-webmvc-6.1.2.jar:6.1.2]
	at org.springframework.web.filter.CompositeFilter$VirtualFilterChain.doFilter(CompositeFilter.java:113) ~[spring-web-6.1.2.jar:6.1.2]
	at org.springframework.web.filter.CompositeFilter.doFilter(CompositeFilter.java:74) ~[spring-web-6.1.2.jar:6.1.2]
	at org.springframework.security.config.annotation.web.configuration.WebMvcSecurityConfiguration$CompositeFilterChainProxy.doFilter(WebMvcSecurityConfiguration.java:225) ~[spring-security-config-6.2.1.jar:6.2.1]
	at org.springframework.web.filter.DelegatingFilterProxy.invokeDelegate(DelegatingFilterProxy.java:352) ~[spring-web-6.1.2.jar:6.1.2]
	at org.springframework.web.filter.DelegatingFilterProxy.doFilter(DelegatingFilterProxy.java:268) ~[spring-web-6.1.2.jar:6.1.2]
	at org.apache.catalina.core.ApplicationFilterChain.internalDoFilter(ApplicationFilterChain.java:174) ~[tomcat-embed-core-10.1.17.jar:10.1.17]
	at org.apache.catalina.core.ApplicationFilterChain.doFilter(ApplicationFilterChain.java:149) ~[tomcat-embed-core-10.1.17.jar:10.1.17]
	at org.springframework.web.filter.RequestContextFilter.doFilterInternal(RequestContextFilter.java:100) ~[spring-web-6.1.2.jar:6.1.2]
	at org.springframework.web.filter.OncePerRequestFilter.doFilter(OncePerRequestFilter.java:116) ~[spring-web-6.1.2.jar:6.1.2]
	at org.apache.catalina.core.ApplicationFilterChain.internalDoFilter(ApplicationFilterChain.java:174) ~[tomcat-embed-core-10.1.17.jar:10.1.17]
	at org.apache.catalina.core.ApplicationFilterChain.doFilter(ApplicationFilterChain.java:149) ~[tomcat-embed-core-10.1.17.jar:10.1.17]
	at org.springframework.web.filter.FormContentFilter.doFilterInternal(FormContentFilter.java:93) ~[spring-web-6.1.2.jar:6.1.2]
	at org.springframework.web.filter.OncePerRequestFilter.doFilter(OncePerRequestFilter.java:116) ~[spring-web-6.1.2.jar:6.1.2]
	at org.apache.catalina.core.ApplicationFilterChain.internalDoFilter(ApplicationFilterChain.java:174) ~[tomcat-embed-core-10.1.17.jar:10.1.17]
	at org.apache.catalina.core.ApplicationFilterChain.doFilter(ApplicationFilterChain.java:149) ~[tomcat-embed-core-10.1.17.jar:10.1.17]
	at org.springframework.web.filter.CharacterEncodingFilter.doFilterInternal(CharacterEncodingFilter.java:201) ~[spring-web-6.1.2.jar:6.1.2]
	at org.springframework.web.filter.OncePerRequestFilter.doFilter(OncePerRequestFilter.java:116) ~[spring-web-6.1.2.jar:6.1.2]
	at org.apache.catalina.core.ApplicationFilterChain.internalDoFilter(ApplicationFilterChain.java:174) ~[tomcat-embed-core-10.1.17.jar:10.1.17]
	at org.apache.catalina.core.ApplicationFilterChain.doFilter(ApplicationFilterChain.java:149) ~[tomcat-embed-core-10.1.17.jar:10.1.17]
	at org.apache.catalina.core.StandardWrapperValve.invoke(StandardWrapperValve.java:167) [tomcat-embed-core-10.1.17.jar:10.1.17]
	at org.apache.catalina.core.StandardContextValve.invoke(StandardContextValve.java:90) [tomcat-embed-core-10.1.17.jar:10.1.17]
	at org.apache.catalina.authenticator.AuthenticatorBase.invoke(AuthenticatorBase.java:482) [tomcat-embed-core-10.1.17.jar:10.1.17]
	at org.apache.catalina.core.StandardHostValve.invoke(StandardHostValve.java:115) [tomcat-embed-core-10.1.17.jar:10.1.17]
	at org.apache.catalina.valves.ErrorReportValve.invoke(ErrorReportValve.java:93) [tomcat-embed-core-10.1.17.jar:10.1.17]
	at org.apache.catalina.core.StandardEngineValve.invoke(StandardEngineValve.java:74) [tomcat-embed-core-10.1.17.jar:10.1.17]
	at org.apache.catalina.connector.CoyoteAdapter.service(CoyoteAdapter.java:340) [tomcat-embed-core-10.1.17.jar:10.1.17]
	at org.apache.coyote.http11.Http11Processor.service(Http11Processor.java:391) [tomcat-embed-core-10.1.17.jar:10.1.17]
	at org.apache.coyote.AbstractProcessorLight.process(AbstractProcessorLight.java:63) [tomcat-embed-core-10.1.17.jar:10.1.17]
	at org.apache.coyote.AbstractProtocol$ConnectionHandler.process(AbstractProtocol.java:896) [tomcat-embed-core-10.1.17.jar:10.1.17]
	at org.apache.tomcat.util.net.NioEndpoint$SocketProcessor.doRun(NioEndpoint.java:1744) [tomcat-embed-core-10.1.17.jar:10.1.17]
	at org.apache.tomcat.util.net.SocketProcessorBase.run(SocketProcessorBase.java:52) [tomcat-embed-core-10.1.17.jar:10.1.17]
	at org.apache.tomcat.util.threads.ThreadPoolExecutor.runWorker(ThreadPoolExecutor.java:1191) [tomcat-embed-core-10.1.17.jar:10.1.17]
	at org.apache.tomcat.util.threads.ThreadPoolExecutor$Worker.run(ThreadPoolExecutor.java:659) [tomcat-embed-core-10.1.17.jar:10.1.17]
	at org.apache.tomcat.util.threads.TaskThread$WrappingRunnable.run(TaskThread.java:61) [tomcat-embed-core-10.1.17.jar:10.1.17]
	at java.base/java.lang.Thread.run(Thread.java:833) [?:?]
2024-01-17 17:54:53,434 INFO o.s.b.d.a.LocalDevToolsAutoConfiguration$RestartingClassPathChangeChangedEventListener [File Watcher] Restarting due to 1 class path change (0 additions, 0 deletions, 1 modification)
2024-01-17 17:54:53,438 INFO o.a.j.l.DirectJDKLog [Thread-5] Stopping ProtocolHandler ["http-nio-8080"]
2024-01-17 17:54:53,450 INFO o.s.o.j.AbstractEntityManagerFactoryBean [Thread-5] Closing JPA EntityManagerFactory for persistence unit 'default'
2024-01-17 17:54:53,453 INFO c.z.h.HikariDataSource [Thread-5] HikariPool-1 - Shutdown initiated...
2024-01-17 17:54:53,459 INFO c.z.h.HikariDataSource [Thread-5] HikariPool-1 - Shutdown completed.
2024-01-17 17:54:53,539 INFO o.s.b.StartupInfoLogger [restartedMain] Starting LibraryApplication using Java 17.0.5 with PID 3868 (E:\Project\library\library\target\classes started by HAN-PC in E:\Project\library\library)
2024-01-17 17:54:53,539 DEBUG o.s.b.StartupInfoLogger [restartedMain] Running with Spring Boot v3.2.1, Spring v6.1.2
2024-01-17 17:54:53,539 INFO o.s.b.SpringApplication [restartedMain] The following 1 profile is active: "dev"
2024-01-17 17:54:53,778 INFO o.s.d.r.c.RepositoryConfigurationDelegate [restartedMain] Multiple Spring Data modules found, entering strict repository configuration mode
2024-01-17 17:54:53,779 INFO o.s.d.r.c.RepositoryConfigurationDelegate [restartedMain] Bootstrapping Spring Data JDBC repositories in DEFAULT mode.
2024-01-17 17:54:53,786 INFO o.s.d.r.c.RepositoryConfigurationExtensionSupport [restartedMain] Spring Data JDBC - Could not safely identify store assignment for repository candidate interface net.sparkminds.library.repository.AccountRepository; If you want this repository to be a JDBC repository, consider annotating your entities with one of these annotations: org.springframework.data.relational.core.mapping.Table.
2024-01-17 17:54:53,787 INFO o.s.d.r.c.RepositoryConfigurationExtensionSupport [restartedMain] Spring Data JDBC - Could not safely identify store assignment for repository candidate interface net.sparkminds.library.repository.AdminRepository; If you want this repository to be a JDBC repository, consider annotating your entities with one of these annotations: org.springframework.data.relational.core.mapping.Table.
2024-01-17 17:54:53,788 INFO o.s.d.r.c.RepositoryConfigurationExtensionSupport [restartedMain] Spring Data JDBC - Could not safely identify store assignment for repository candidate interface net.sparkminds.library.repository.RoleRepository; If you want this repository to be a JDBC repository, consider annotating your entities with one of these annotations: org.springframework.data.relational.core.mapping.Table.
2024-01-17 17:54:53,790 INFO o.s.d.r.c.RepositoryConfigurationExtensionSupport [restartedMain] Spring Data JDBC - Could not safely identify store assignment for repository candidate interface net.sparkminds.library.repository.SessionRepository; If you want this repository to be a JDBC repository, consider annotating your entities with one of these annotations: org.springframework.data.relational.core.mapping.Table.
2024-01-17 17:54:53,791 INFO o.s.d.r.c.RepositoryConfigurationExtensionSupport [restartedMain] Spring Data JDBC - Could not safely identify store assignment for repository candidate interface net.sparkminds.library.repository.UserRepository; If you want this repository to be a JDBC repository, consider annotating your entities with one of these annotations: org.springframework.data.relational.core.mapping.Table.
2024-01-17 17:54:53,792 INFO o.s.d.r.c.RepositoryConfigurationExtensionSupport [restartedMain] Spring Data JDBC - Could not safely identify store assignment for repository candidate interface net.sparkminds.library.repository.VerifyRepository; If you want this repository to be a JDBC repository, consider annotating your entities with one of these annotations: org.springframework.data.relational.core.mapping.Table.
2024-01-17 17:54:53,792 INFO o.s.d.r.c.RepositoryConfigurationDelegate [restartedMain] Finished Spring Data repository scanning in 13 ms. Found 0 JDBC repository interfaces.
2024-01-17 17:54:53,795 INFO o.s.d.r.c.RepositoryConfigurationDelegate [restartedMain] Multiple Spring Data modules found, entering strict repository configuration mode
2024-01-17 17:54:53,795 INFO o.s.d.r.c.RepositoryConfigurationDelegate [restartedMain] Bootstrapping Spring Data JPA repositories in DEFAULT mode.
2024-01-17 17:54:53,809 INFO o.s.d.r.c.RepositoryConfigurationDelegate [restartedMain] Finished Spring Data repository scanning in 13 ms. Found 6 JPA repository interfaces.
2024-01-17 17:54:53,996 INFO o.s.b.w.e.t.TomcatWebServer [restartedMain] Tomcat initialized with port 8080 (http)
2024-01-17 17:54:53,997 INFO o.a.j.l.DirectJDKLog [restartedMain] Initializing ProtocolHandler ["http-nio-8080"]
2024-01-17 17:54:53,998 INFO o.a.j.l.DirectJDKLog [restartedMain] Starting service [Tomcat]
2024-01-17 17:54:53,998 INFO o.a.j.l.DirectJDKLog [restartedMain] Starting Servlet engine: [Apache Tomcat/10.1.17]
2024-01-17 17:54:54,021 INFO o.a.j.l.DirectJDKLog [restartedMain] Initializing Spring embedded WebApplicationContext
2024-01-17 17:54:54,021 INFO o.s.b.w.s.c.ServletWebServerApplicationContext [restartedMain] Root WebApplicationContext: initialization completed in 479 ms
2024-01-17 17:54:54,080 INFO c.z.h.HikariDataSource [restartedMain] HikariPool-2 - Starting...
2024-01-17 17:54:54,090 INFO c.z.h.p.HikariPool [restartedMain] HikariPool-2 - Added connection com.mysql.cj.jdbc.ConnectionImpl@6e7cdafb
2024-01-17 17:54:54,090 INFO c.z.h.HikariDataSource [restartedMain] HikariPool-2 - Start completed.
2024-01-17 17:54:54,172 INFO l.l.c.JavaLogger [restartedMain] Reading from db_library.databasechangelog
2024-01-17 17:54:54,185 INFO l.l.c.JavaLogger [restartedMain] Database is up to date, no changesets to execute
2024-01-17 17:54:54,186 INFO l.l.c.JavaLogger [restartedMain] UPDATE SUMMARY
2024-01-17 17:54:54,187 INFO l.l.c.JavaLogger [restartedMain] Run:                          0
2024-01-17 17:54:54,187 INFO l.l.c.JavaLogger [restartedMain] Previously run:               5
2024-01-17 17:54:54,187 INFO l.l.c.JavaLogger [restartedMain] Filtered out:                 0
2024-01-17 17:54:54,187 INFO l.l.c.JavaLogger [restartedMain] -------------------------------
2024-01-17 17:54:54,187 INFO l.l.c.JavaLogger [restartedMain] Total change sets:            5
2024-01-17 17:54:54,187 INFO l.l.c.JavaLogger [restartedMain] Update summary generated
2024-01-17 17:54:54,189 INFO l.l.c.JavaLogger [restartedMain] Successfully released change log lock
2024-01-17 17:54:54,190 INFO l.l.c.JavaLogger [restartedMain] Command execution complete
2024-01-17 17:54:54,222 INFO o.h.j.i.u.LogHelper [restartedMain] HHH000204: Processing PersistenceUnitInfo [name: default]
2024-01-17 17:54:54,224 INFO o.h.c.i.RegionFactoryInitiator [restartedMain] HHH000026: Second-level cache disabled
2024-01-17 17:54:54,227 INFO o.s.o.j.p.SpringPersistenceUnitInfo [restartedMain] No LoadTimeWeaver setup: ignoring JPA class transformer
2024-01-17 17:54:54,350 INFO o.h.e.t.j.p.i.JtaPlatformInitiator [restartedMain] HHH000489: No JTA platform available (set 'hibernate.transaction.jta.platform' to enable JTA platform integration)
2024-01-17 17:54:54,391 INFO o.s.o.j.AbstractEntityManagerFactoryBean [restartedMain] Initialized JPA EntityManagerFactory for persistence unit 'default'
2024-01-17 17:54:54,537 DEBUG o.s.w.f.GenericFilterBean [restartedMain] Filter 'jwtFilter' configured for use
2024-01-17 17:54:54,869 WARN o.s.b.a.o.j.JpaBaseConfiguration$JpaWebConfiguration [restartedMain] spring.jpa.open-in-view is enabled by default. Therefore, database queries may be performed during view rendering. Explicitly configure spring.jpa.open-in-view to disable this warning
2024-01-17 17:54:55,296 INFO o.s.s.w.DefaultSecurityFilterChain [restartedMain] Will secure any request with [org.springframework.security.web.session.DisableEncodeUrlFilter@79c714be, org.springframework.security.web.context.request.async.WebAsyncManagerIntegrationFilter@1d088e16, org.springframework.security.web.context.SecurityContextHolderFilter@3beafac9, org.springframework.security.web.header.HeaderWriterFilter@1fdfe16a, org.springframework.web.filter.CorsFilter@b2d202f, org.springframework.security.web.authentication.logout.LogoutFilter@36da5e3e, net.sparkminds.library.jwt.JwtFilter@236a3c29, org.springframework.security.web.savedrequest.RequestCacheAwareFilter@1a507a91, org.springframework.security.web.servletapi.SecurityContextHolderAwareRequestFilter@7ae41c00, org.springframework.security.web.authentication.AnonymousAuthenticationFilter@3793801b, org.springframework.security.web.session.SessionManagementFilter@67f8f6ce, org.springframework.security.web.access.ExceptionTranslationFilter@773ad439, org.springframework.security.web.access.intercept.AuthorizationFilter@75992362]
2024-01-17 17:54:55,407 WARN o.s.b.a.t.ThymeleafAutoConfiguration$DefaultTemplateResolverConfiguration [restartedMain] Cannot find template location: classpath:/templates/ (please add some templates, check your Thymeleaf configuration, or set spring.thymeleaf.check-template-location=false)
2024-01-17 17:54:55,616 WARN o.s.b.a.f.FreeMarkerAutoConfiguration [restartedMain] Cannot find template location(s): [classpath:/templates/] (please add some templates, check your FreeMarker configuration, or set spring.freemarker.check-template-location=false)
2024-01-17 17:54:55,648 INFO o.s.b.d.a.OptionalLiveReloadServer [restartedMain] LiveReload server is running on port 35729
2024-01-17 17:54:55,666 INFO o.a.j.l.DirectJDKLog [restartedMain] Starting ProtocolHandler ["http-nio-8080"]
2024-01-17 17:54:55,669 INFO o.s.b.w.e.t.TomcatWebServer [restartedMain] Tomcat started on port 8080 (http) with context path ''
2024-01-17 17:54:55,674 INFO o.s.b.StartupInfoLogger [restartedMain] Started LibraryApplication in 2.17 seconds (process running for 83.297)
2024-01-17 17:54:55,676 INFO o.s.b.d.a.ConditionEvaluationDeltaLoggingListener [restartedMain] Condition evaluation unchanged
2024-01-17 17:54:57,080 INFO o.s.b.d.a.LocalDevToolsAutoConfiguration$RestartingClassPathChangeChangedEventListener [File Watcher] Restarting due to 1 class path change (0 additions, 0 deletions, 1 modification)
2024-01-17 17:54:57,081 INFO o.a.j.l.DirectJDKLog [Thread-7] Stopping ProtocolHandler ["http-nio-8080"]
2024-01-17 17:54:57,091 INFO o.s.o.j.AbstractEntityManagerFactoryBean [Thread-7] Closing JPA EntityManagerFactory for persistence unit 'default'
2024-01-17 17:54:57,091 INFO c.z.h.HikariDataSource [Thread-7] HikariPool-2 - Shutdown initiated...
2024-01-17 17:54:57,094 INFO c.z.h.HikariDataSource [Thread-7] HikariPool-2 - Shutdown completed.
2024-01-17 17:54:57,164 INFO o.s.b.StartupInfoLogger [restartedMain] Starting LibraryApplication using Java 17.0.5 with PID 3868 (E:\Project\library\library\target\classes started by HAN-PC in E:\Project\library\library)
2024-01-17 17:54:57,164 DEBUG o.s.b.StartupInfoLogger [restartedMain] Running with Spring Boot v3.2.1, Spring v6.1.2
2024-01-17 17:54:57,164 INFO o.s.b.SpringApplication [restartedMain] The following 1 profile is active: "dev"
2024-01-17 17:54:57,341 INFO o.s.d.r.c.RepositoryConfigurationDelegate [restartedMain] Multiple Spring Data modules found, entering strict repository configuration mode
2024-01-17 17:54:57,341 INFO o.s.d.r.c.RepositoryConfigurationDelegate [restartedMain] Bootstrapping Spring Data JDBC repositories in DEFAULT mode.
2024-01-17 17:54:57,349 INFO o.s.d.r.c.RepositoryConfigurationExtensionSupport [restartedMain] Spring Data JDBC - Could not safely identify store assignment for repository candidate interface net.sparkminds.library.repository.AccountRepository; If you want this repository to be a JDBC repository, consider annotating your entities with one of these annotations: org.springframework.data.relational.core.mapping.Table.
2024-01-17 17:54:57,350 INFO o.s.d.r.c.RepositoryConfigurationExtensionSupport [restartedMain] Spring Data JDBC - Could not safely identify store assignment for repository candidate interface net.sparkminds.library.repository.AdminRepository; If you want this repository to be a JDBC repository, consider annotating your entities with one of these annotations: org.springframework.data.relational.core.mapping.Table.
2024-01-17 17:54:57,351 INFO o.s.d.r.c.RepositoryConfigurationExtensionSupport [restartedMain] Spring Data JDBC - Could not safely identify store assignment for repository candidate interface net.sparkminds.library.repository.RoleRepository; If you want this repository to be a JDBC repository, consider annotating your entities with one of these annotations: org.springframework.data.relational.core.mapping.Table.
2024-01-17 17:54:57,352 INFO o.s.d.r.c.RepositoryConfigurationExtensionSupport [restartedMain] Spring Data JDBC - Could not safely identify store assignment for repository candidate interface net.sparkminds.library.repository.SessionRepository; If you want this repository to be a JDBC repository, consider annotating your entities with one of these annotations: org.springframework.data.relational.core.mapping.Table.
2024-01-17 17:54:57,353 INFO o.s.d.r.c.RepositoryConfigurationExtensionSupport [restartedMain] Spring Data JDBC - Could not safely identify store assignment for repository candidate interface net.sparkminds.library.repository.UserRepository; If you want this repository to be a JDBC repository, consider annotating your entities with one of these annotations: org.springframework.data.relational.core.mapping.Table.
2024-01-17 17:54:57,354 INFO o.s.d.r.c.RepositoryConfigurationExtensionSupport [restartedMain] Spring Data JDBC - Could not safely identify store assignment for repository candidate interface net.sparkminds.library.repository.VerifyRepository; If you want this repository to be a JDBC repository, consider annotating your entities with one of these annotations: org.springframework.data.relational.core.mapping.Table.
2024-01-17 17:54:57,354 INFO o.s.d.r.c.RepositoryConfigurationDelegate [restartedMain] Finished Spring Data repository scanning in 12 ms. Found 0 JDBC repository interfaces.
2024-01-17 17:54:57,357 INFO o.s.d.r.c.RepositoryConfigurationDelegate [restartedMain] Multiple Spring Data modules found, entering strict repository configuration mode
2024-01-17 17:54:57,357 INFO o.s.d.r.c.RepositoryConfigurationDelegate [restartedMain] Bootstrapping Spring Data JPA repositories in DEFAULT mode.
2024-01-17 17:54:57,367 INFO o.s.d.r.c.RepositoryConfigurationDelegate [restartedMain] Finished Spring Data repository scanning in 10 ms. Found 6 JPA repository interfaces.
2024-01-17 17:54:57,534 INFO o.s.b.w.e.t.TomcatWebServer [restartedMain] Tomcat initialized with port 8080 (http)
2024-01-17 17:54:57,534 INFO o.a.j.l.DirectJDKLog [restartedMain] Initializing ProtocolHandler ["http-nio-8080"]
2024-01-17 17:54:57,535 INFO o.a.j.l.DirectJDKLog [restartedMain] Starting service [Tomcat]
2024-01-17 17:54:57,535 INFO o.a.j.l.DirectJDKLog [restartedMain] Starting Servlet engine: [Apache Tomcat/10.1.17]
2024-01-17 17:54:57,549 INFO o.a.j.l.DirectJDKLog [restartedMain] Initializing Spring embedded WebApplicationContext
2024-01-17 17:54:57,549 INFO o.s.b.w.s.c.ServletWebServerApplicationContext [restartedMain] Root WebApplicationContext: initialization completed in 384 ms
2024-01-17 17:54:57,599 INFO c.z.h.HikariDataSource [restartedMain] HikariPool-3 - Starting...
2024-01-17 17:54:57,608 INFO c.z.h.p.HikariPool [restartedMain] HikariPool-3 - Added connection com.mysql.cj.jdbc.ConnectionImpl@5a88e781
2024-01-17 17:54:57,608 INFO c.z.h.HikariDataSource [restartedMain] HikariPool-3 - Start completed.
2024-01-17 17:54:57,691 INFO l.l.c.JavaLogger [restartedMain] Reading from db_library.databasechangelog
2024-01-17 17:54:57,702 INFO l.l.c.JavaLogger [restartedMain] Database is up to date, no changesets to execute
2024-01-17 17:54:57,703 INFO l.l.c.JavaLogger [restartedMain] UPDATE SUMMARY
2024-01-17 17:54:57,703 INFO l.l.c.JavaLogger [restartedMain] Run:                          0
2024-01-17 17:54:57,703 INFO l.l.c.JavaLogger [restartedMain] Previously run:               5
2024-01-17 17:54:57,703 INFO l.l.c.JavaLogger [restartedMain] Filtered out:                 0
2024-01-17 17:54:57,703 INFO l.l.c.JavaLogger [restartedMain] -------------------------------
2024-01-17 17:54:57,703 INFO l.l.c.JavaLogger [restartedMain] Total change sets:            5
2024-01-17 17:54:57,703 INFO l.l.c.JavaLogger [restartedMain] Update summary generated
2024-01-17 17:54:57,705 INFO l.l.c.JavaLogger [restartedMain] Successfully released change log lock
2024-01-17 17:54:57,705 INFO l.l.c.JavaLogger [restartedMain] Command execution complete
2024-01-17 17:54:57,734 INFO o.h.j.i.u.LogHelper [restartedMain] HHH000204: Processing PersistenceUnitInfo [name: default]
2024-01-17 17:54:57,737 INFO o.h.c.i.RegionFactoryInitiator [restartedMain] HHH000026: Second-level cache disabled
2024-01-17 17:54:57,740 INFO o.s.o.j.p.SpringPersistenceUnitInfo [restartedMain] No LoadTimeWeaver setup: ignoring JPA class transformer
2024-01-17 17:54:57,850 INFO o.h.e.t.j.p.i.JtaPlatformInitiator [restartedMain] HHH000489: No JTA platform available (set 'hibernate.transaction.jta.platform' to enable JTA platform integration)
2024-01-17 17:54:57,894 INFO o.s.o.j.AbstractEntityManagerFactoryBean [restartedMain] Initialized JPA EntityManagerFactory for persistence unit 'default'
2024-01-17 17:54:58,035 DEBUG o.s.w.f.GenericFilterBean [restartedMain] Filter 'jwtFilter' configured for use
2024-01-17 17:54:58,298 WARN o.s.b.a.o.j.JpaBaseConfiguration$JpaWebConfiguration [restartedMain] spring.jpa.open-in-view is enabled by default. Therefore, database queries may be performed during view rendering. Explicitly configure spring.jpa.open-in-view to disable this warning
2024-01-17 17:54:58,676 INFO o.s.s.w.DefaultSecurityFilterChain [restartedMain] Will secure any request with [org.springframework.security.web.session.DisableEncodeUrlFilter@19f3f2bf, org.springframework.security.web.context.request.async.WebAsyncManagerIntegrationFilter@d8903a0, org.springframework.security.web.context.SecurityContextHolderFilter@45776521, org.springframework.security.web.header.HeaderWriterFilter@3797b36b, org.springframework.web.filter.CorsFilter@6b244d98, org.springframework.security.web.authentication.logout.LogoutFilter@4fcb74bd, net.sparkminds.library.jwt.JwtFilter@19c30bda, org.springframework.security.web.savedrequest.RequestCacheAwareFilter@31a8f7ce, org.springframework.security.web.servletapi.SecurityContextHolderAwareRequestFilter@3b2e167b, org.springframework.security.web.authentication.AnonymousAuthenticationFilter@7402a9a1, org.springframework.security.web.session.SessionManagementFilter@5f1f7dd, org.springframework.security.web.access.ExceptionTranslationFilter@7120b170, org.springframework.security.web.access.intercept.AuthorizationFilter@72fdb88d]
2024-01-17 17:54:58,780 WARN o.s.b.a.t.ThymeleafAutoConfiguration$DefaultTemplateResolverConfiguration [restartedMain] Cannot find template location: classpath:/templates/ (please add some templates, check your Thymeleaf configuration, or set spring.thymeleaf.check-template-location=false)
2024-01-17 17:54:58,978 WARN o.s.b.a.f.FreeMarkerAutoConfiguration [restartedMain] Cannot find template location(s): [classpath:/templates/] (please add some templates, check your FreeMarker configuration, or set spring.freemarker.check-template-location=false)
2024-01-17 17:54:59,002 INFO o.s.b.d.a.OptionalLiveReloadServer [restartedMain] LiveReload server is running on port 35729
2024-01-17 17:54:59,014 INFO o.a.j.l.DirectJDKLog [restartedMain] Starting ProtocolHandler ["http-nio-8080"]
2024-01-17 17:54:59,016 INFO o.s.b.w.e.t.TomcatWebServer [restartedMain] Tomcat started on port 8080 (http) with context path ''
2024-01-17 17:54:59,021 INFO o.s.b.StartupInfoLogger [restartedMain] Started LibraryApplication in 1.886 seconds (process running for 86.644)
2024-01-17 17:54:59,022 INFO o.s.b.d.a.ConditionEvaluationDeltaLoggingListener [restartedMain] Condition evaluation unchanged
2024-01-17 17:55:23,568 INFO o.a.j.l.DirectJDKLog [http-nio-8080-exec-2] Initializing Spring DispatcherServlet 'dispatcherServlet'
2024-01-17 17:55:23,568 INFO o.s.w.s.FrameworkServlet [http-nio-8080-exec-2] Initializing Servlet 'dispatcherServlet'
2024-01-17 17:55:23,570 INFO o.s.w.s.FrameworkServlet [http-nio-8080-exec-2] Completed initialization in 2 ms
2024-01-17 17:55:23,661 INFO n.s.l.s.i.AccountServiceImpl [http-nio-8080-exec-2] Find Account by email Successfully: admin@gmail.com
2024-01-17 17:55:23,736 INFO n.s.l.s.i.AccountServiceImpl [http-nio-8080-exec-2] Find Account by email Successfully: admin@gmail.com
2024-01-17 17:55:23,740 INFO n.s.l.s.i.AccountServiceImpl [http-nio-8080-exec-2] Find Account by email Successfully: admin@gmail.com
2024-01-17 17:55:23,745 INFO n.s.l.s.i.AccountServiceImpl [http-nio-8080-exec-2] Find Account by email Successfully: admin@gmail.com
2024-01-17 17:55:23,753 INFO n.s.l.s.i.AccountServiceImpl [http-nio-8080-exec-2] Update Account Successfully: Admin [fullname=Nguyen Van A, position=Manage]
2024-01-17 17:55:23,851 INFO n.s.l.s.i.SessionServiceImpl [http-nio-8080-exec-2] Insert Session Successfully: Session [id=23, refreshToken=1afe25ea-a057-4919-9fc0-615c6a746d49, refreshExpirationTime=2024-02-16T17:55:23]
2024-01-17 17:55:44,929 INFO n.s.l.s.i.AccountServiceImpl [http-nio-8080-exec-3] Find Account by email Successfully: admin@gmail.com
2024-01-17 17:55:52,299 INFO n.s.l.s.i.AccountServiceImpl [http-nio-8080-exec-4] Find Account by email Successfully: admin@gmail.com
2024-01-17 17:56:38,367 INFO n.s.l.s.i.AccountServiceImpl [http-nio-8080-exec-5] Find Account by email Successfully: user@gmail.com
2024-01-17 17:56:38,445 INFO n.s.l.s.i.AccountServiceImpl [http-nio-8080-exec-5] Find Account by email Successfully: user@gmail.com
2024-01-17 17:56:38,450 INFO n.s.l.s.i.AccountServiceImpl [http-nio-8080-exec-5] Find Account by email Successfully: user@gmail.com
2024-01-17 17:56:38,458 INFO n.s.l.s.i.AccountServiceImpl [http-nio-8080-exec-5] Find Account by email Successfully: user@gmail.com
2024-01-17 17:56:38,458 INFO n.s.l.s.i.AccountServiceImpl [http-nio-8080-exec-5] Update Account Successfully: Account [id=2, email=user@gmail.com, password=$2a$10$JN6EC2TbmQIEaojkQ9P81Otve/WAUpV5.XwiqbIEyCbpm5xE/.z76, blockedAt=null, reasonBlocked=null, isVerify=true, status=ACTIVE]
2024-01-17 17:56:38,470 INFO n.s.l.s.i.SessionServiceImpl [http-nio-8080-exec-5] Insert Session Successfully: Session [id=24, refreshToken=54489357-12e4-4159-bbe4-e62394a735df, refreshExpirationTime=2024-02-16T17:56:38]
2024-01-17 17:56:50,214 INFO n.s.l.s.i.AccountServiceImpl [http-nio-8080-exec-6] Find Account by email Successfully: admin@gmail.com
2024-01-17 17:56:50,290 INFO n.s.l.s.i.AccountServiceImpl [http-nio-8080-exec-6] Find Account by email Successfully: admin@gmail.com
2024-01-17 17:56:50,290 INFO n.s.l.s.i.AccountServiceImpl [http-nio-8080-exec-6] Find Account by email Successfully: admin@gmail.com
2024-01-17 17:56:50,296 INFO n.s.l.s.i.AccountServiceImpl [http-nio-8080-exec-6] Find Account by email Successfully: admin@gmail.com
2024-01-17 17:56:50,296 INFO n.s.l.s.i.AccountServiceImpl [http-nio-8080-exec-6] Update Account Successfully: Admin [fullname=Nguyen Van A, position=Manage]
2024-01-17 17:56:50,310 INFO n.s.l.s.i.SessionServiceImpl [http-nio-8080-exec-6] Insert Session Successfully: Session [id=25, refreshToken=145d8dd2-a158-408e-92c6-ee7aac2f8fb3, refreshExpirationTime=2024-02-16T17:56:50]
2024-01-17 17:57:00,795 INFO o.s.b.a.SpringApplicationAdminMXBeanRegistrar$SpringApplicationAdmin [RMI TCP Connection(8)-127.0.0.1] Application shutdown requested.
2024-01-17 17:57:00,795 INFO o.a.j.l.DirectJDKLog [RMI TCP Connection(8)-127.0.0.1] Stopping ProtocolHandler ["http-nio-8080"]
2024-01-17 17:57:00,809 INFO o.s.o.j.AbstractEntityManagerFactoryBean [RMI TCP Connection(8)-127.0.0.1] Closing JPA EntityManagerFactory for persistence unit 'default'
2024-01-17 17:57:00,809 INFO c.z.h.HikariDataSource [RMI TCP Connection(8)-127.0.0.1] HikariPool-3 - Shutdown initiated...
2024-01-17 17:57:00,809 INFO c.z.h.HikariDataSource [RMI TCP Connection(8)-127.0.0.1] HikariPool-3 - Shutdown completed.
